{"meta": {"format": 3, "version": "7.10.2", "timestamp": "2025-08-03T21:26:00.774147", "branch_coverage": false, "show_contexts": false}, "files": {"AlgoTree/__init__.py": {"executed_lines": [1, 2, 3, 4, 5, 6, 7, 8, 9], "summary": {"covered_lines": 9, "num_statements": 9, "percent_covered": 100.0, "percent_covered_display": "100", "missing_lines": 0, "excluded_lines": 0}, "missing_lines": [], "excluded_lines": [], "functions": {"": {"executed_lines": [1, 2, 3, 4, 5, 6, 7, 8, 9], "summary": {"covered_lines": 9, "num_statements": 9, "percent_covered": 100.0, "percent_covered_display": "100", "missing_lines": 0, "excluded_lines": 0}, "missing_lines": [], "excluded_lines": []}}, "classes": {"": {"executed_lines": [1, 2, 3, 4, 5, 6, 7, 8, 9], "summary": {"covered_lines": 9, "num_statements": 9, "percent_covered": 100.0, "percent_covered_display": "100", "missing_lines": 0, "excluded_lines": 0}, "missing_lines": [], "excluded_lines": []}}}, "AlgoTree/flat_forest.py": {"executed_lines": [1, 2, 4, 8, 9, 32, 33, 38, 39, 46, 47, 74, 75, 88, 117, 118, 120, 129, 135, 136, 137, 138, 140, 149, 156, 158, 166, 169, 171, 181, 186, 189, 190, 192, 193, 210, 211, 213, 214, 215, 216, 217, 218, 219, 221, 222, 223, 227, 228, 231, 236, 238, 240, 256, 264, 265, 267, 270, 271, 272, 274, 275, 283, 284, 291, 292, 294, 299, 300, 301, 302, 304, 305, 307, 308, 315, 317, 320, 327, 328, 336, 348, 349, 356, 357, 365, 366, 374, 376, 379, 381, 382, 392, 400, 402, 415, 416, 422, 424, 425, 433, 434, 443, 444, 453, 454, 464, 471, 473, 477, 496, 498, 499, 501, 504, 506, 516, 525], "summary": {"covered_lines": 116, "num_statements": 157, "percent_covered": 73.88535031847134, "percent_covered_display": "74", "missing_lines": 41, "excluded_lines": 2}, "missing_lines": [58, 82, 83, 84, 85, 86, 147, 167, 182, 187, 229, 245, 247, 248, 249, 251, 252, 253, 254, 268, 281, 318, 321, 334, 346, 354, 363, 375, 377, 390, 408, 410, 431, 441, 451, 461, 462, 502, 514, 523, 526], "excluded_lines": [4, 5], "functions": {"FlatForest.spec": {"executed_lines": [], "summary": {"covered_lines": 0, "num_statements": 1, "percent_covered": 0.0, "percent_covered_display": "0", "missing_lines": 1, "excluded_lines": 0}, "missing_lines": [58], "excluded_lines": []}, "FlatForest.is_valid": {"executed_lines": [], "summary": {"covered_lines": 0, "num_statements": 5, "percent_covered": 0.0, "percent_covered_display": "0", "missing_lines": 5, "excluded_lines": 0}, "missing_lines": [82, 83, 84, 85, 86], "excluded_lines": []}, "FlatForest.__init__": {"executed_lines": [117, 118], "summary": {"covered_lines": 2, "num_statements": 2, "percent_covered": 100.0, "percent_covered_display": "100", "missing_lines": 0, "excluded_lines": 0}, "missing_lines": [], "excluded_lines": []}, "FlatForest.logical_root_names": {"executed_lines": [129, 135, 136, 137, 138], "summary": {"covered_lines": 5, "num_statements": 5, "percent_covered": 100.0, "percent_covered_display": "100", "missing_lines": 0, "excluded_lines": 0}, "missing_lines": [], "excluded_lines": []}, "FlatForest.interior_node_names": {"executed_lines": [], "summary": {"covered_lines": 0, "num_statements": 1, "percent_covered": 0.0, "percent_covered_display": "0", "missing_lines": 1, "excluded_lines": 0}, "missing_lines": [147], "excluded_lines": []}, "FlatForest.node_names": {"executed_lines": [156], "summary": {"covered_lines": 1, "num_statements": 1, "percent_covered": 100.0, "percent_covered_display": "100", "missing_lines": 0, "excluded_lines": 0}, "missing_lines": [], "excluded_lines": []}, "FlatForest.child_names": {"executed_lines": [166, 169], "summary": {"covered_lines": 2, "num_statements": 3, "percent_covered": 66.66666666666667, "percent_covered_display": "67", "missing_lines": 1, "excluded_lines": 0}, "missing_lines": [167], "excluded_lines": []}, "FlatForest.detach": {"executed_lines": [181, 186, 189, 190], "summary": {"covered_lines": 4, "num_statements": 6, "percent_covered": 66.66666666666667, "percent_covered_display": "67", "missing_lines": 2, "excluded_lines": 0}, "missing_lines": [182, 187], "excluded_lines": []}, "FlatForest.check_valid": {"executed_lines": [210, 211, 213, 221, 222, 223, 227, 228, 231, 236, 238], "summary": {"covered_lines": 11, "num_statements": 12, "percent_covered": 91.66666666666667, "percent_covered_display": "92", "missing_lines": 1, "excluded_lines": 0}, "missing_lines": [229], "excluded_lines": []}, "FlatForest.check_valid._check_cycle": {"executed_lines": [214, 215, 216, 217, 218, 219], "summary": {"covered_lines": 6, "num_statements": 6, "percent_covered": 100.0, "percent_covered_display": "100", "missing_lines": 0, "excluded_lines": 0}, "missing_lines": [], "excluded_lines": []}, "FlatForest.as_tree": {"executed_lines": [], "summary": {"covered_lines": 0, "num_statements": 8, "percent_covered": 0.0, "percent_covered_display": "0", "missing_lines": 8, "excluded_lines": 0}, "missing_lines": [245, 247, 248, 249, 251, 252, 253, 254], "excluded_lines": []}, "FlatForest.root_key": {"executed_lines": [264, 265, 267, 270, 271, 272], "summary": {"covered_lines": 6, "num_statements": 7, "percent_covered": 85.71428571428571, "percent_covered_display": "86", "missing_lines": 1, "excluded_lines": 0}, "missing_lines": [268], "excluded_lines": []}, "FlatForest.trees": {"executed_lines": [], "summary": {"covered_lines": 0, "num_statements": 1, "percent_covered": 0.0, "percent_covered_display": "0", "missing_lines": 1, "excluded_lines": 0}, "missing_lines": [281], "excluded_lines": []}, "FlatForest.root_names": {"executed_lines": [291, 292], "summary": {"covered_lines": 2, "num_statements": 2, "percent_covered": 100.0, "percent_covered_display": "100", "missing_lines": 0, "excluded_lines": 0}, "missing_lines": [], "excluded_lines": []}, "FlatForest.purge": {"executed_lines": [299, 304, 305], "summary": {"covered_lines": 3, "num_statements": 3, "percent_covered": 100.0, "percent_covered_display": "100", "missing_lines": 0, "excluded_lines": 0}, "missing_lines": [], "excluded_lines": []}, "FlatForest.purge._purge": {"executed_lines": [300, 301, 302], "summary": {"covered_lines": 3, "num_statements": 3, "percent_covered": 100.0, "percent_covered_display": "100", "missing_lines": 0, "excluded_lines": 0}, "missing_lines": [], "excluded_lines": []}, "FlatForest.detached": {"executed_lines": [315], "summary": {"covered_lines": 1, "num_statements": 1, "percent_covered": 100.0, "percent_covered_display": "100", "missing_lines": 0, "excluded_lines": 0}, "missing_lines": [], "excluded_lines": []}, "FlatForest.__repr__": {"executed_lines": [], "summary": {"covered_lines": 0, "num_statements": 1, "percent_covered": 0.0, "percent_covered_display": "0", "missing_lines": 1, "excluded_lines": 0}, "missing_lines": [318], "excluded_lines": []}, "FlatForest.__str__": {"executed_lines": [], "summary": {"covered_lines": 0, "num_statements": 1, "percent_covered": 0.0, "percent_covered_display": "0", "missing_lines": 1, "excluded_lines": 0}, "missing_lines": [321], "excluded_lines": []}, "FlatForest.children": {"executed_lines": [], "summary": {"covered_lines": 0, "num_statements": 1, "percent_covered": 0.0, "percent_covered_display": "0", "missing_lines": 1, "excluded_lines": 0}, "missing_lines": [334], "excluded_lines": []}, "FlatForest.add_child": {"executed_lines": [], "summary": {"covered_lines": 0, "num_statements": 1, "percent_covered": 0.0, "percent_covered_display": "0", "missing_lines": 1, "excluded_lines": 0}, "missing_lines": [346], "excluded_lines": []}, "FlatForest.parent": {"executed_lines": [], "summary": {"covered_lines": 0, "num_statements": 1, "percent_covered": 0.0, "percent_covered_display": "0", "missing_lines": 1, "excluded_lines": 0}, "missing_lines": [354], "excluded_lines": []}, "FlatForest.roots": {"executed_lines": [], "summary": {"covered_lines": 0, "num_statements": 1, "percent_covered": 0.0, "percent_covered_display": "0", "missing_lines": 1, "excluded_lines": 0}, "missing_lines": [363], "excluded_lines": []}, "FlatForest.preferred_root": {"executed_lines": [], "summary": {"covered_lines": 0, "num_statements": 1, "percent_covered": 0.0, "percent_covered_display": "0", "missing_lines": 1, "excluded_lines": 0}, "missing_lines": [390], "excluded_lines": []}, "FlatForest.__eq__": {"executed_lines": [400], "summary": {"covered_lines": 1, "num_statements": 1, "percent_covered": 100.0, "percent_covered_display": "100", "missing_lines": 0, "excluded_lines": 0}, "missing_lines": [], "excluded_lines": []}, "FlatForest.nodes": {"executed_lines": [], "summary": {"covered_lines": 0, "num_statements": 2, "percent_covered": 0.0, "percent_covered_display": "0", "missing_lines": 2, "excluded_lines": 0}, "missing_lines": [408, 410], "excluded_lines": []}, "FlatForest.root": {"executed_lines": [422], "summary": {"covered_lines": 1, "num_statements": 1, "percent_covered": 100.0, "percent_covered_display": "100", "missing_lines": 0, "excluded_lines": 0}, "missing_lines": [], "excluded_lines": []}, "FlatForest.payload": {"executed_lines": [], "summary": {"covered_lines": 0, "num_statements": 1, "percent_covered": 0.0, "percent_covered_display": "0", "missing_lines": 1, "excluded_lines": 0}, "missing_lines": [441], "excluded_lines": []}, "FlatForest.name": {"executed_lines": [], "summary": {"covered_lines": 0, "num_statements": 2, "percent_covered": 0.0, "percent_covered_display": "0", "missing_lines": 2, "excluded_lines": 0}, "missing_lines": [461, 462], "excluded_lines": []}, "FlatForest.node": {"executed_lines": [471, 473], "summary": {"covered_lines": 2, "num_statements": 2, "percent_covered": 100.0, "percent_covered_display": "100", "missing_lines": 0, "excluded_lines": 0}, "missing_lines": [], "excluded_lines": []}, "FlatForest.subtree": {"executed_lines": [496, 498, 499, 501, 504], "summary": {"covered_lines": 5, "num_statements": 6, "percent_covered": 83.33333333333333, "percent_covered_display": "83", "missing_lines": 1, "excluded_lines": 0}, "missing_lines": [502], "excluded_lines": []}, "FlatForest.contains": {"executed_lines": [], "summary": {"covered_lines": 0, "num_statements": 1, "percent_covered": 0.0, "percent_covered_display": "0", "missing_lines": 1, "excluded_lines": 0}, "missing_lines": [514], "excluded_lines": []}, "FlatForest.to_dict": {"executed_lines": [], "summary": {"covered_lines": 0, "num_statements": 1, "percent_covered": 0.0, "percent_covered_display": "0", "missing_lines": 1, "excluded_lines": 0}, "missing_lines": [523], "excluded_lines": []}, "FlatForest.__hash__": {"executed_lines": [], "summary": {"covered_lines": 0, "num_statements": 1, "percent_covered": 0.0, "percent_covered_display": "0", "missing_lines": 1, "excluded_lines": 0}, "missing_lines": [526], "excluded_lines": []}, "": {"executed_lines": [1, 2, 4, 8, 9, 32, 33, 38, 39, 46, 47, 74, 75, 88, 120, 140, 149, 158, 171, 192, 193, 240, 256, 274, 275, 283, 284, 294, 307, 308, 317, 320, 327, 328, 336, 348, 349, 356, 357, 365, 366, 381, 382, 392, 402, 415, 416, 424, 425, 433, 434, 443, 444, 453, 454, 464, 477, 506, 516, 525], "summary": {"covered_lines": 58, "num_statements": 58, "percent_covered": 100.0, "percent_covered_display": "100", "missing_lines": 0, "excluded_lines": 2}, "missing_lines": [], "excluded_lines": [4, 5]}}, "classes": {"FlatForest": {"executed_lines": [117, 118, 129, 135, 136, 137, 138, 156, 166, 169, 181, 186, 189, 190, 210, 211, 213, 214, 215, 216, 217, 218, 219, 221, 222, 223, 227, 228, 231, 236, 238, 264, 265, 267, 270, 271, 272, 291, 292, 299, 300, 301, 302, 304, 305, 315, 374, 376, 379, 400, 422, 471, 473, 496, 498, 499, 501, 504], "summary": {"covered_lines": 58, "num_statements": 99, "percent_covered": 58.58585858585859, "percent_covered_display": "59", "missing_lines": 41, "excluded_lines": 0}, "missing_lines": [58, 82, 83, 84, 85, 86, 147, 167, 182, 187, 229, 245, 247, 248, 249, 251, 252, 253, 254, 268, 281, 318, 321, 334, 346, 354, 363, 375, 377, 390, 408, 410, 431, 441, 451, 461, 462, 502, 514, 523, 526], "excluded_lines": []}, "": {"executed_lines": [1, 2, 4, 8, 9, 32, 33, 38, 39, 46, 47, 74, 75, 88, 120, 140, 149, 158, 171, 192, 193, 240, 256, 274, 275, 283, 284, 294, 307, 308, 317, 320, 327, 328, 336, 348, 349, 356, 357, 365, 366, 381, 382, 392, 402, 415, 416, 424, 425, 433, 434, 443, 444, 453, 454, 464, 477, 506, 516, 525], "summary": {"covered_lines": 58, "num_statements": 58, "percent_covered": 100.0, "percent_covered_display": "100", "missing_lines": 0, "excluded_lines": 2}, "missing_lines": [], "excluded_lines": [4, 5]}}}, "AlgoTree/flat_forest_node.py": {"executed_lines": [1, 2, 3, 4, 5, 8, 9, 11, 27, 37, 38, 39, 42, 44, 46, 47, 48, 50, 51, 52, 53, 54, 56, 57, 74, 75, 76, 77, 78, 79, 80, 82, 108, 109, 111, 113, 115, 119, 120, 121, 122, 123, 125, 126, 127, 130, 131, 133, 134, 140, 142, 143, 162, 163, 169, 173, 174, 180, 181, 185, 187, 191, 192, 198, 201, 206, 208, 209, 215, 217, 218, 219, 220, 222, 223, 228, 230, 231, 234, 236, 237, 240, 242, 243, 245, 247, 249, 255, 257, 258, 264, 265, 267, 268, 269, 271, 272, 278, 281, 285, 288, 289, 291, 292, 294, 295, 297, 306, 308, 309, 315, 322, 323, 329, 330, 331, 333, 336, 339, 340, 342, 352, 354, 361, 365, 374, 375, 377, 379, 392, 399, 401, 411, 418, 420], "summary": {"covered_lines": 135, "num_statements": 172, "percent_covered": 78.48837209302326, "percent_covered_display": "78", "missing_lines": 37, "excluded_lines": 0}, "missing_lines": [20, 21, 22, 23, 24, 25, 45, 116, 117, 118, 150, 151, 153, 154, 156, 157, 158, 159, 160, 199, 202, 203, 204, 224, 232, 238, 244, 246, 279, 282, 286, 334, 337, 388, 390, 407, 409], "excluded_lines": [], "functions": {"FlatForestNode.__deepcopy__": {"executed_lines": [], "summary": {"covered_lines": 0, "num_statements": 6, "percent_covered": 0.0, "percent_covered_display": "0", "missing_lines": 6, "excluded_lines": 0}, "missing_lines": [20, 21, 22, 23, 24, 25], "excluded_lines": []}, "FlatForestNode.clone": {"executed_lines": [37, 38, 39, 42, 44, 46, 47, 48, 50, 51, 52, 53, 54], "summary": {"covered_lines": 13, "num_statements": 14, "percent_covered": 92.85714285714286, "percent_covered_display": "93", "missing_lines": 1, "excluded_lines": 0}, "missing_lines": [45], "excluded_lines": []}, "FlatForestNode.proxy": {"executed_lines": [74, 75, 76, 77, 78, 79, 80], "summary": {"covered_lines": 7, "num_statements": 7, "percent_covered": 100.0, "percent_covered_display": "100", "missing_lines": 0, "excluded_lines": 0}, "missing_lines": [], "excluded_lines": []}, "FlatForestNode.__init__": {"executed_lines": [108, 109, 111, 113, 115, 119, 120, 121, 122, 123, 125, 126, 127, 130, 131], "summary": {"covered_lines": 15, "num_statements": 18, "percent_covered": 83.33333333333333, "percent_covered_display": "83", "missing_lines": 3, "excluded_lines": 0}, "missing_lines": [116, 117, 118], "excluded_lines": []}, "FlatForestNode.name": {"executed_lines": [], "summary": {"covered_lines": 0, "num_statements": 9, "percent_covered": 0.0, "percent_covered_display": "0", "missing_lines": 9, "excluded_lines": 0}, "missing_lines": [150, 151, 153, 154, 156, 157, 158, 159, 160], "excluded_lines": []}, "FlatForestNode.root": {"executed_lines": [169], "summary": {"covered_lines": 1, "num_statements": 1, "percent_covered": 100.0, "percent_covered_display": "100", "missing_lines": 0, "excluded_lines": 0}, "missing_lines": [], "excluded_lines": []}, "FlatForestNode.parent": {"executed_lines": [198, 201, 206], "summary": {"covered_lines": 3, "num_statements": 7, "percent_covered": 42.857142857142854, "percent_covered_display": "43", "missing_lines": 4, "excluded_lines": 0}, "missing_lines": [199, 202, 203, 204], "excluded_lines": []}, "FlatForestNode.forest": {"executed_lines": [215], "summary": {"covered_lines": 1, "num_statements": 1, "percent_covered": 100.0, "percent_covered_display": "100", "missing_lines": 0, "excluded_lines": 0}, "missing_lines": [], "excluded_lines": []}, "FlatForestNode.__repr__": {"executed_lines": [218, 219, 220], "summary": {"covered_lines": 3, "num_statements": 3, "percent_covered": 100.0, "percent_covered_display": "100", "missing_lines": 0, "excluded_lines": 0}, "missing_lines": [], "excluded_lines": []}, "FlatForestNode.__getitem__": {"executed_lines": [223, 228], "summary": {"covered_lines": 2, "num_statements": 3, "percent_covered": 66.66666666666667, "percent_covered_display": "67", "missing_lines": 1, "excluded_lines": 0}, "missing_lines": [224], "excluded_lines": []}, "FlatForestNode.__setitem__": {"executed_lines": [231, 234], "summary": {"covered_lines": 2, "num_statements": 3, "percent_covered": 66.66666666666667, "percent_covered_display": "67", "missing_lines": 1, "excluded_lines": 0}, "missing_lines": [232], "excluded_lines": []}, "FlatForestNode.__delitem__": {"executed_lines": [237, 240], "summary": {"covered_lines": 2, "num_statements": 3, "percent_covered": 66.66666666666667, "percent_covered_display": "67", "missing_lines": 1, "excluded_lines": 0}, "missing_lines": [238], "excluded_lines": []}, "FlatForestNode.__getattr__": {"executed_lines": [243, 245, 247], "summary": {"covered_lines": 3, "num_statements": 5, "percent_covered": 60.0, "percent_covered_display": "60", "missing_lines": 2, "excluded_lines": 0}, "missing_lines": [244, 246], "excluded_lines": []}, "FlatForestNode.detach": {"executed_lines": [255], "summary": {"covered_lines": 1, "num_statements": 1, "percent_covered": 100.0, "percent_covered_display": "100", "missing_lines": 0, "excluded_lines": 0}, "missing_lines": [], "excluded_lines": []}, "FlatForestNode.payload": {"executed_lines": [278, 281, 285, 288, 289], "summary": {"covered_lines": 5, "num_statements": 8, "percent_covered": 62.5, "percent_covered_display": "62", "missing_lines": 3, "excluded_lines": 0}, "missing_lines": [279, 282, 286], "excluded_lines": []}, "FlatForestNode.__iter__": {"executed_lines": [292], "summary": {"covered_lines": 1, "num_statements": 1, "percent_covered": 100.0, "percent_covered_display": "100", "missing_lines": 0, "excluded_lines": 0}, "missing_lines": [], "excluded_lines": []}, "FlatForestNode.__len__": {"executed_lines": [295], "summary": {"covered_lines": 1, "num_statements": 1, "percent_covered": 100.0, "percent_covered_display": "100", "missing_lines": 0, "excluded_lines": 0}, "missing_lines": [], "excluded_lines": []}, "FlatForestNode.add_child": {"executed_lines": [306], "summary": {"covered_lines": 1, "num_statements": 1, "percent_covered": 100.0, "percent_covered_display": "100", "missing_lines": 0, "excluded_lines": 0}, "missing_lines": [], "excluded_lines": []}, "FlatForestNode.children": {"executed_lines": [329, 330, 331, 333, 336, 339, 340], "summary": {"covered_lines": 7, "num_statements": 9, "percent_covered": 77.77777777777777, "percent_covered_display": "78", "missing_lines": 2, "excluded_lines": 0}, "missing_lines": [334, 337], "excluded_lines": []}, "FlatForestNode.__eq__": {"executed_lines": [352], "summary": {"covered_lines": 1, "num_statements": 1, "percent_covered": 100.0, "percent_covered_display": "100", "missing_lines": 0, "excluded_lines": 0}, "missing_lines": [], "excluded_lines": []}, "FlatForestNode.node": {"executed_lines": [361], "summary": {"covered_lines": 1, "num_statements": 1, "percent_covered": 100.0, "percent_covered_display": "100", "missing_lines": 0, "excluded_lines": 0}, "missing_lines": [], "excluded_lines": []}, "FlatForestNode.subtree": {"executed_lines": [374, 375, 377], "summary": {"covered_lines": 3, "num_statements": 3, "percent_covered": 100.0, "percent_covered_display": "100", "missing_lines": 0, "excluded_lines": 0}, "missing_lines": [], "excluded_lines": []}, "FlatForestNode.contains": {"executed_lines": [], "summary": {"covered_lines": 0, "num_statements": 2, "percent_covered": 0.0, "percent_covered_display": "0", "missing_lines": 2, "excluded_lines": 0}, "missing_lines": [388, 390], "excluded_lines": []}, "FlatForestNode.__contains__": {"executed_lines": [399], "summary": {"covered_lines": 1, "num_statements": 1, "percent_covered": 100.0, "percent_covered_display": "100", "missing_lines": 0, "excluded_lines": 0}, "missing_lines": [], "excluded_lines": []}, "FlatForestNode.to_dict": {"executed_lines": [], "summary": {"covered_lines": 0, "num_statements": 2, "percent_covered": 0.0, "percent_covered_display": "0", "missing_lines": 2, "excluded_lines": 0}, "missing_lines": [407, 409], "excluded_lines": []}, "FlatForestNode.__hash__": {"executed_lines": [418, 420], "summary": {"covered_lines": 2, "num_statements": 2, "percent_covered": 100.0, "percent_covered_display": "100", "missing_lines": 0, "excluded_lines": 0}, "missing_lines": [], "excluded_lines": []}, "": {"executed_lines": [1, 2, 3, 4, 5, 8, 9, 11, 27, 56, 57, 82, 133, 134, 142, 143, 162, 163, 173, 174, 191, 192, 208, 209, 217, 222, 230, 236, 242, 249, 257, 258, 271, 272, 291, 294, 297, 308, 309, 322, 323, 342, 354, 365, 379, 392, 401, 411], "summary": {"covered_lines": 48, "num_statements": 48, "percent_covered": 100.0, "percent_covered_display": "100", "missing_lines": 0, "excluded_lines": 0}, "missing_lines": [], "excluded_lines": []}}, "classes": {"FlatForestNode": {"executed_lines": [37, 38, 39, 42, 44, 46, 47, 48, 50, 51, 52, 53, 54, 74, 75, 76, 77, 78, 79, 80, 108, 109, 111, 113, 115, 119, 120, 121, 122, 123, 125, 126, 127, 130, 131, 140, 169, 180, 181, 185, 187, 198, 201, 206, 215, 218, 219, 220, 223, 228, 231, 234, 237, 240, 243, 245, 247, 255, 264, 265, 267, 268, 269, 278, 281, 285, 288, 289, 292, 295, 306, 315, 329, 330, 331, 333, 336, 339, 340, 352, 361, 374, 375, 377, 399, 418, 420], "summary": {"covered_lines": 87, "num_statements": 124, "percent_covered": 70.16129032258064, "percent_covered_display": "70", "missing_lines": 37, "excluded_lines": 0}, "missing_lines": [20, 21, 22, 23, 24, 25, 45, 116, 117, 118, 150, 151, 153, 154, 156, 157, 158, 159, 160, 199, 202, 203, 204, 224, 232, 238, 244, 246, 279, 282, 286, 334, 337, 388, 390, 407, 409], "excluded_lines": []}, "": {"executed_lines": [1, 2, 3, 4, 5, 8, 9, 11, 27, 56, 57, 82, 133, 134, 142, 143, 162, 163, 173, 174, 191, 192, 208, 209, 217, 222, 230, 236, 242, 249, 257, 258, 271, 272, 291, 294, 297, 308, 309, 322, 323, 342, 354, 365, 379, 392, 401, 411], "summary": {"covered_lines": 48, "num_statements": 48, "percent_covered": 100.0, "percent_covered_display": "100", "missing_lines": 0, "excluded_lines": 0}, "missing_lines": [], "excluded_lines": []}}}, "AlgoTree/node_hasher.py": {"executed_lines": [1, 2, 3, 6, 7, 11, 19, 28, 29, 42, 44, 46, 47, 60, 62, 64, 65, 79, 82, 84, 85, 98, 100], "summary": {"covered_lines": 22, "num_statements": 28, "percent_covered": 78.57142857142857, "percent_covered_display": "79", "missing_lines": 6, "excluded_lines": 0}, "missing_lines": [17, 26, 43, 61, 80, 99], "excluded_lines": [], "functions": {"NodeHasher.__init__": {"executed_lines": [], "summary": {"covered_lines": 0, "num_statements": 1, "percent_covered": 0.0, "percent_covered_display": "0", "missing_lines": 1, "excluded_lines": 0}, "missing_lines": [17], "excluded_lines": []}, "NodeHasher.__call__": {"executed_lines": [], "summary": {"covered_lines": 0, "num_statements": 1, "percent_covered": 0.0, "percent_covered_display": "0", "missing_lines": 1, "excluded_lines": 0}, "missing_lines": [26], "excluded_lines": []}, "NodeHasher.name": {"executed_lines": [42, 44], "summary": {"covered_lines": 2, "num_statements": 3, "percent_covered": 66.66666666666667, "percent_covered_display": "67", "missing_lines": 1, "excluded_lines": 0}, "missing_lines": [43], "excluded_lines": []}, "NodeHasher.payload": {"executed_lines": [60, 62], "summary": {"covered_lines": 2, "num_statements": 3, "percent_covered": 66.66666666666667, "percent_covered_display": "67", "missing_lines": 1, "excluded_lines": 0}, "missing_lines": [61], "excluded_lines": []}, "NodeHasher.node": {"executed_lines": [79, 82], "summary": {"covered_lines": 2, "num_statements": 3, "percent_covered": 66.66666666666667, "percent_covered_display": "67", "missing_lines": 1, "excluded_lines": 0}, "missing_lines": [80], "excluded_lines": []}, "NodeHasher.path": {"executed_lines": [98, 100], "summary": {"covered_lines": 2, "num_statements": 3, "percent_covered": 66.66666666666667, "percent_covered_display": "67", "missing_lines": 1, "excluded_lines": 0}, "missing_lines": [99], "excluded_lines": []}, "": {"executed_lines": [1, 2, 3, 6, 7, 11, 19, 28, 29, 46, 47, 64, 65, 84, 85], "summary": {"covered_lines": 14, "num_statements": 14, "percent_covered": 100.0, "percent_covered_display": "100", "missing_lines": 0, "excluded_lines": 0}, "missing_lines": [], "excluded_lines": []}}, "classes": {"NodeHasher": {"executed_lines": [42, 44, 60, 62, 79, 82, 98, 100], "summary": {"covered_lines": 8, "num_statements": 14, "percent_covered": 57.142857142857146, "percent_covered_display": "57", "missing_lines": 6, "excluded_lines": 0}, "missing_lines": [17, 26, 43, 61, 80, 99], "excluded_lines": []}, "": {"executed_lines": [1, 2, 3, 6, 7, 11, 19, 28, 29, 46, 47, 64, 65, 84, 85], "summary": {"covered_lines": 14, "num_statements": 14, "percent_covered": 100.0, "percent_covered_display": "100", "missing_lines": 0, "excluded_lines": 0}, "missing_lines": [], "excluded_lines": []}}}, "AlgoTree/pretty_tree.py": {"executed_lines": [1, 6, 7, 11, 21, 42, 43, 46, 47, 48, 49, 51, 52, 59, 61, 70, 71, 73, 74, 75, 76, 77, 79, 80, 81, 82, 83, 84, 86, 87, 88, 89, 91, 92, 93, 95, 96, 101, 102, 103, 104, 106, 107, 108, 109, 110, 112, 114, 117, 124], "summary": {"covered_lines": 49, "num_statements": 54, "percent_covered": 90.74074074074075, "percent_covered_display": "91", "missing_lines": 5, "excluded_lines": 0}, "missing_lines": [44, 97, 98, 99, 100], "excluded_lines": [], "functions": {"PrettyTree.__init__": {"executed_lines": [42, 43, 46, 47, 48, 49], "summary": {"covered_lines": 6, "num_statements": 7, "percent_covered": 85.71428571428571, "percent_covered_display": "86", "missing_lines": 1, "excluded_lines": 0}, "missing_lines": [44], "excluded_lines": []}, "PrettyTree.mark": {"executed_lines": [59], "summary": {"covered_lines": 1, "num_statements": 1, "percent_covered": 100.0, "percent_covered_display": "100", "missing_lines": 0, "excluded_lines": 0}, "missing_lines": [], "excluded_lines": []}, "PrettyTree.__call__": {"executed_lines": [70, 71, 73, 74, 75, 76, 77, 79, 114], "summary": {"covered_lines": 9, "num_statements": 9, "percent_covered": 100.0, "percent_covered_display": "100", "missing_lines": 0, "excluded_lines": 0}, "missing_lines": [], "excluded_lines": []}, "PrettyTree.__call__._build": {"executed_lines": [80, 81, 82, 83, 84, 86, 87, 88, 89, 91, 92, 93, 95, 96, 101, 102, 103, 104, 106, 107, 108, 109, 110, 112], "summary": {"covered_lines": 24, "num_statements": 28, "percent_covered": 85.71428571428571, "percent_covered_display": "86", "missing_lines": 4, "excluded_lines": 0}, "missing_lines": [97, 98, 99, 100], "excluded_lines": []}, "pretty_tree": {"executed_lines": [124], "summary": {"covered_lines": 1, "num_statements": 1, "percent_covered": 100.0, "percent_covered_display": "100", "missing_lines": 0, "excluded_lines": 0}, "missing_lines": [], "excluded_lines": []}, "": {"executed_lines": [1, 6, 7, 11, 21, 51, 52, 61, 117], "summary": {"covered_lines": 8, "num_statements": 8, "percent_covered": 100.0, "percent_covered_display": "100", "missing_lines": 0, "excluded_lines": 0}, "missing_lines": [], "excluded_lines": []}}, "classes": {"PrettyTree": {"executed_lines": [42, 43, 46, 47, 48, 49, 59, 70, 71, 73, 74, 75, 76, 77, 79, 80, 81, 82, 83, 84, 86, 87, 88, 89, 91, 92, 93, 95, 96, 101, 102, 103, 104, 106, 107, 108, 109, 110, 112, 114], "summary": {"covered_lines": 40, "num_statements": 45, "percent_covered": 88.88888888888889, "percent_covered_display": "89", "missing_lines": 5, "excluded_lines": 0}, "missing_lines": [44, 97, 98, 99, 100], "excluded_lines": []}, "": {"executed_lines": [1, 6, 7, 11, 21, 51, 52, 61, 117, 124], "summary": {"covered_lines": 9, "num_statements": 9, "percent_covered": 100.0, "percent_covered_display": "100", "missing_lines": 0, "excluded_lines": 0}, "missing_lines": [], "excluded_lines": []}}}, "AlgoTree/tree_converter.py": {"executed_lines": [1, 2, 3, 6, 7, 11, 12, 19, 21, 22, 31, 33, 34, 55, 58, 59, 61, 63, 64, 65, 66, 67, 68, 69, 70, 71, 73, 74, 77, 78, 79, 81, 83, 84, 100, 103, 107, 108, 111, 113, 114, 129, 130, 136], "summary": {"covered_lines": 43, "num_statements": 46, "percent_covered": 93.47826086956522, "percent_covered_display": "93", "missing_lines": 3, "excluded_lines": 0}, "missing_lines": [56, 75, 101], "excluded_lines": [], "functions": {"TreeConverter.default_extract": {"executed_lines": [19], "summary": {"covered_lines": 1, "num_statements": 1, "percent_covered": 100.0, "percent_covered_display": "100", "missing_lines": 0, "excluded_lines": 0}, "missing_lines": [], "excluded_lines": []}, "TreeConverter.default_node_name": {"executed_lines": [31], "summary": {"covered_lines": 1, "num_statements": 1, "percent_covered": 100.0, "percent_covered_display": "100", "missing_lines": 0, "excluded_lines": 0}, "missing_lines": [], "excluded_lines": []}, "TreeConverter.copy_under": {"executed_lines": [55, 58, 59, 61, 81], "summary": {"covered_lines": 5, "num_statements": 6, "percent_covered": 83.33333333333333, "percent_covered_display": "83", "missing_lines": 1, "excluded_lines": 0}, "missing_lines": [56], "excluded_lines": []}, "TreeConverter.copy_under.build": {"executed_lines": [63, 64, 65, 66, 67, 68, 69, 70, 71, 73, 74, 77, 78, 79], "summary": {"covered_lines": 14, "num_statements": 15, "percent_covered": 93.33333333333333, "percent_covered_display": "93", "missing_lines": 1, "excluded_lines": 0}, "missing_lines": [75], "excluded_lines": []}, "TreeConverter.convert": {"executed_lines": [100, 103, 107, 108, 111], "summary": {"covered_lines": 5, "num_statements": 6, "percent_covered": 83.33333333333333, "percent_covered_display": "83", "missing_lines": 1, "excluded_lines": 0}, "missing_lines": [101], "excluded_lines": []}, "TreeConverter.to_dict": {"executed_lines": [129, 136], "summary": {"covered_lines": 2, "num_statements": 2, "percent_covered": 100.0, "percent_covered_display": "100", "missing_lines": 0, "excluded_lines": 0}, "missing_lines": [], "excluded_lines": []}, "TreeConverter.to_dict._build": {"executed_lines": [130], "summary": {"covered_lines": 1, "num_statements": 1, "percent_covered": 100.0, "percent_covered_display": "100", "missing_lines": 0, "excluded_lines": 0}, "missing_lines": [], "excluded_lines": []}, "": {"executed_lines": [1, 2, 3, 6, 7, 11, 12, 21, 22, 33, 34, 83, 84, 113, 114], "summary": {"covered_lines": 14, "num_statements": 14, "percent_covered": 100.0, "percent_covered_display": "100", "missing_lines": 0, "excluded_lines": 0}, "missing_lines": [], "excluded_lines": []}}, "classes": {"TreeConverter": {"executed_lines": [19, 31, 55, 58, 59, 61, 63, 64, 65, 66, 67, 68, 69, 70, 71, 73, 74, 77, 78, 79, 81, 100, 103, 107, 108, 111, 129, 130, 136], "summary": {"covered_lines": 29, "num_statements": 32, "percent_covered": 90.625, "percent_covered_display": "91", "missing_lines": 3, "excluded_lines": 0}, "missing_lines": [56, 75, 101], "excluded_lines": []}, "": {"executed_lines": [1, 2, 3, 6, 7, 11, 12, 21, 22, 33, 34, 83, 84, 113, 114], "summary": {"covered_lines": 14, "num_statements": 14, "percent_covered": 100.0, "percent_covered_display": "100", "missing_lines": 0, "excluded_lines": 0}, "missing_lines": [], "excluded_lines": []}}}, "AlgoTree/tree_hasher.py": {"executed_lines": [1, 2, 5, 6, 10, 16, 18, 25, 27, 28, 35, 38, 40, 41, 43, 46, 47, 48, 50], "summary": {"covered_lines": 18, "num_statements": 20, "percent_covered": 90.0, "percent_covered_display": "90", "missing_lines": 2, "excluded_lines": 0}, "missing_lines": [36, 44], "excluded_lines": [], "functions": {"TreeHasher.__init__": {"executed_lines": [16], "summary": {"covered_lines": 1, "num_statements": 1, "percent_covered": 100.0, "percent_covered_display": "100", "missing_lines": 0, "excluded_lines": 0}, "missing_lines": [], "excluded_lines": []}, "TreeHasher.__call__": {"executed_lines": [25], "summary": {"covered_lines": 1, "num_statements": 1, "percent_covered": 100.0, "percent_covered_display": "100", "missing_lines": 0, "excluded_lines": 0}, "missing_lines": [], "excluded_lines": []}, "TreeHasher.tree": {"executed_lines": [35, 38], "summary": {"covered_lines": 2, "num_statements": 3, "percent_covered": 66.66666666666667, "percent_covered_display": "67", "missing_lines": 1, "excluded_lines": 0}, "missing_lines": [36], "excluded_lines": []}, "TreeHasher.isomorphic": {"executed_lines": [43, 46, 50], "summary": {"covered_lines": 3, "num_statements": 4, "percent_covered": 75.0, "percent_covered_display": "75", "missing_lines": 1, "excluded_lines": 0}, "missing_lines": [44], "excluded_lines": []}, "TreeHasher.isomorphic.build": {"executed_lines": [47, 48], "summary": {"covered_lines": 2, "num_statements": 2, "percent_covered": 100.0, "percent_covered_display": "100", "missing_lines": 0, "excluded_lines": 0}, "missing_lines": [], "excluded_lines": []}, "": {"executed_lines": [1, 2, 5, 6, 10, 18, 27, 28, 40, 41], "summary": {"covered_lines": 9, "num_statements": 9, "percent_covered": 100.0, "percent_covered_display": "100", "missing_lines": 0, "excluded_lines": 0}, "missing_lines": [], "excluded_lines": []}}, "classes": {"TreeHasher": {"executed_lines": [16, 25, 35, 38, 43, 46, 47, 48, 50], "summary": {"covered_lines": 9, "num_statements": 11, "percent_covered": 81.81818181818181, "percent_covered_display": "82", "missing_lines": 2, "excluded_lines": 0}, "missing_lines": [36, 44], "excluded_lines": []}, "": {"executed_lines": [1, 2, 5, 6, 10, 18, 27, 28, 40, 41], "summary": {"covered_lines": 9, "num_statements": 9, "percent_covered": 100.0, "percent_covered_display": "100", "missing_lines": 0, "excluded_lines": 0}, "missing_lines": [], "excluded_lines": []}}}, "AlgoTree/treenode.py": {"executed_lines": [1, 2, 3, 6, 7, 14, 15, 36, 43, 44, 47, 48, 49, 51, 53, 75, 76, 77, 79, 81, 82, 83, 85, 86, 87, 88, 90, 92, 93, 99, 101, 102, 108, 112, 113, 116, 119, 120, 122, 123, 129, 130, 131, 132, 134, 146, 163, 173, 174, 175, 176, 177, 178, 179, 180, 182, 183, 185, 187, 189, 190, 192, 193, 194, 196, 198, 205, 207, 208, 210, 211, 212, 213, 214, 215, 216, 217, 219, 220, 238, 245, 246, 247, 248, 249, 250, 252, 254, 261, 264, 266, 272, 274, 281], "summary": {"covered_lines": 93, "num_statements": 127, "percent_covered": 73.22834645669292, "percent_covered_display": "73", "missing_lines": 34, "excluded_lines": 0}, "missing_lines": [23, 24, 25, 26, 27, 28, 29, 31, 32, 34, 80, 109, 140, 141, 142, 143, 144, 157, 159, 160, 161, 184, 186, 191, 227, 228, 229, 230, 231, 232, 233, 234, 236, 262], "excluded_lines": [], "functions": {"TreeNode.from_dict": {"executed_lines": [], "summary": {"covered_lines": 0, "num_statements": 2, "percent_covered": 0.0, "percent_covered_display": "0", "missing_lines": 2, "excluded_lines": 0}, "missing_lines": [23, 34], "excluded_lines": []}, "TreeNode.from_dict._from_dict": {"executed_lines": [], "summary": {"covered_lines": 0, "num_statements": 8, "percent_covered": 0.0, "percent_covered_display": "0", "missing_lines": 8, "excluded_lines": 0}, "missing_lines": [24, 25, 26, 27, 28, 29, 31, 32], "excluded_lines": []}, "TreeNode.clone": {"executed_lines": [43, 51], "summary": {"covered_lines": 2, "num_statements": 2, "percent_covered": 100.0, "percent_covered_display": "100", "missing_lines": 0, "excluded_lines": 0}, "missing_lines": [], "excluded_lines": []}, "TreeNode.clone._clone": {"executed_lines": [44, 47, 48, 49], "summary": {"covered_lines": 4, "num_statements": 4, "percent_covered": 100.0, "percent_covered_display": "100", "missing_lines": 0, "excluded_lines": 0}, "missing_lines": [], "excluded_lines": []}, "TreeNode.__init__": {"executed_lines": [75, 76, 77, 79, 81, 82, 83, 85, 86, 87, 88, 90], "summary": {"covered_lines": 12, "num_statements": 13, "percent_covered": 92.3076923076923, "percent_covered_display": "92", "missing_lines": 1, "excluded_lines": 0}, "missing_lines": [80], "excluded_lines": []}, "TreeNode.parent": {"executed_lines": [108, 112, 113, 116, 119, 120], "summary": {"covered_lines": 6, "num_statements": 7, "percent_covered": 85.71428571428571, "percent_covered_display": "86", "missing_lines": 1, "excluded_lines": 0}, "missing_lines": [109], "excluded_lines": []}, "TreeNode.root": {"executed_lines": [129, 130, 131, 132], "summary": {"covered_lines": 4, "num_statements": 4, "percent_covered": 100.0, "percent_covered_display": "100", "missing_lines": 0, "excluded_lines": 0}, "missing_lines": [], "excluded_lines": []}, "TreeNode.nodes": {"executed_lines": [], "summary": {"covered_lines": 0, "num_statements": 5, "percent_covered": 0.0, "percent_covered_display": "0", "missing_lines": 5, "excluded_lines": 0}, "missing_lines": [140, 141, 142, 143, 144], "excluded_lines": []}, "TreeNode.subtree": {"executed_lines": [], "summary": {"covered_lines": 0, "num_statements": 4, "percent_covered": 0.0, "percent_covered_display": "0", "missing_lines": 4, "excluded_lines": 0}, "missing_lines": [157, 159, 160, 161], "excluded_lines": []}, "TreeNode.node": {"executed_lines": [173, 182, 189, 190, 192, 193, 194, 196], "summary": {"covered_lines": 8, "num_statements": 9, "percent_covered": 88.88888888888889, "percent_covered_display": "89", "missing_lines": 1, "excluded_lines": 0}, "missing_lines": [191], "excluded_lines": []}, "TreeNode.node._descend": {"executed_lines": [174, 175, 176, 177, 178, 179, 180], "summary": {"covered_lines": 7, "num_statements": 7, "percent_covered": 100.0, "percent_covered_display": "100", "missing_lines": 0, "excluded_lines": 0}, "missing_lines": [], "excluded_lines": []}, "TreeNode.node._ascend": {"executed_lines": [183, 185, 187], "summary": {"covered_lines": 3, "num_statements": 5, "percent_covered": 60.0, "percent_covered_display": "60", "missing_lines": 2, "excluded_lines": 0}, "missing_lines": [184, 186], "excluded_lines": []}, "TreeNode.add_child": {"executed_lines": [205], "summary": {"covered_lines": 1, "num_statements": 1, "percent_covered": 100.0, "percent_covered_display": "100", "missing_lines": 0, "excluded_lines": 0}, "missing_lines": [], "excluded_lines": []}, "TreeNode.__repr__": {"executed_lines": [208], "summary": {"covered_lines": 1, "num_statements": 1, "percent_covered": 100.0, "percent_covered_display": "100", "missing_lines": 0, "excluded_lines": 0}, "missing_lines": [], "excluded_lines": []}, "TreeNode.__str__": {"executed_lines": [211, 212, 213, 214, 215, 216, 217], "summary": {"covered_lines": 7, "num_statements": 7, "percent_covered": 100.0, "percent_covered_display": "100", "missing_lines": 0, "excluded_lines": 0}, "missing_lines": [], "excluded_lines": []}, "TreeNode.is_valid": {"executed_lines": [], "summary": {"covered_lines": 0, "num_statements": 9, "percent_covered": 0.0, "percent_covered_display": "0", "missing_lines": 9, "excluded_lines": 0}, "missing_lines": [227, 228, 229, 230, 231, 232, 233, 234, 236], "excluded_lines": []}, "TreeNode.to_dict": {"executed_lines": [245, 252], "summary": {"covered_lines": 2, "num_statements": 2, "percent_covered": 100.0, "percent_covered_display": "100", "missing_lines": 0, "excluded_lines": 0}, "missing_lines": [], "excluded_lines": []}, "TreeNode.to_dict._convert": {"executed_lines": [246, 247, 248, 249, 250], "summary": {"covered_lines": 5, "num_statements": 5, "percent_covered": 100.0, "percent_covered_display": "100", "missing_lines": 0, "excluded_lines": 0}, "missing_lines": [], "excluded_lines": []}, "TreeNode.__eq__": {"executed_lines": [261, 264], "summary": {"covered_lines": 2, "num_statements": 3, "percent_covered": 66.66666666666667, "percent_covered_display": "67", "missing_lines": 1, "excluded_lines": 0}, "missing_lines": [262], "excluded_lines": []}, "TreeNode.__hash__": {"executed_lines": [272], "summary": {"covered_lines": 1, "num_statements": 1, "percent_covered": 100.0, "percent_covered_display": "100", "missing_lines": 0, "excluded_lines": 0}, "missing_lines": [], "excluded_lines": []}, "TreeNode.__contains__": {"executed_lines": [281], "summary": {"covered_lines": 1, "num_statements": 1, "percent_covered": 100.0, "percent_covered_display": "100", "missing_lines": 0, "excluded_lines": 0}, "missing_lines": [], "excluded_lines": []}, "": {"executed_lines": [1, 2, 3, 6, 7, 14, 15, 36, 53, 92, 93, 101, 102, 122, 123, 134, 146, 163, 198, 207, 210, 219, 220, 238, 254, 266, 274], "summary": {"covered_lines": 26, "num_statements": 26, "percent_covered": 100.0, "percent_covered_display": "100", "missing_lines": 0, "excluded_lines": 0}, "missing_lines": [], "excluded_lines": []}}, "classes": {"TreeNode": {"executed_lines": [43, 44, 47, 48, 49, 51, 75, 76, 77, 79, 81, 82, 83, 85, 86, 87, 88, 90, 99, 108, 112, 113, 116, 119, 120, 129, 130, 131, 132, 173, 174, 175, 176, 177, 178, 179, 180, 182, 183, 185, 187, 189, 190, 192, 193, 194, 196, 205, 208, 211, 212, 213, 214, 215, 216, 217, 245, 246, 247, 248, 249, 250, 252, 261, 264, 272, 281], "summary": {"covered_lines": 67, "num_statements": 101, "percent_covered": 66.33663366336634, "percent_covered_display": "66", "missing_lines": 34, "excluded_lines": 0}, "missing_lines": [23, 24, 25, 26, 27, 28, 29, 31, 32, 34, 80, 109, 140, 141, 142, 143, 144, 157, 159, 160, 161, 184, 186, 191, 227, 228, 229, 230, 231, 232, 233, 234, 236, 262], "excluded_lines": []}, "": {"executed_lines": [1, 2, 3, 6, 7, 14, 15, 36, 53, 92, 93, 101, 102, 122, 123, 134, 146, 163, 198, 207, 210, 219, 220, 238, 254, 266, 274], "summary": {"covered_lines": 26, "num_statements": 26, "percent_covered": 100.0, "percent_covered_display": "100", "missing_lines": 0, "excluded_lines": 0}, "missing_lines": [], "excluded_lines": []}}}, "AlgoTree/treenode_api.py": {"executed_lines": [1, 4, 5, 146, 157, 158, 169, 170, 177, 178], "summary": {"covered_lines": 9, "num_statements": 25, "percent_covered": 36.0, "percent_covered_display": "36", "missing_lines": 16, "excluded_lines": 0}, "missing_lines": [160, 161, 163, 164, 165, 166, 167, 172, 173, 174, 175, 179, 180, 181, 182, 183], "excluded_lines": [], "functions": {"TreeNodeApi.missing": {"executed_lines": [], "summary": {"covered_lines": 0, "num_statements": 7, "percent_covered": 0.0, "percent_covered_display": "0", "missing_lines": 7, "excluded_lines": 0}, "missing_lines": [160, 161, 163, 164, 165, 166, 167], "excluded_lines": []}, "TreeNodeApi.check": {"executed_lines": [], "summary": {"covered_lines": 0, "num_statements": 4, "percent_covered": 0.0, "percent_covered_display": "0", "missing_lines": 4, "excluded_lines": 0}, "missing_lines": [172, 173, 174, 175], "excluded_lines": []}, "TreeNodeApi.is_valid": {"executed_lines": [], "summary": {"covered_lines": 0, "num_statements": 5, "percent_covered": 0.0, "percent_covered_display": "0", "missing_lines": 5, "excluded_lines": 0}, "missing_lines": [179, 180, 181, 182, 183], "excluded_lines": []}, "": {"executed_lines": [1, 4, 5, 146, 157, 158, 169, 170, 177, 178], "summary": {"covered_lines": 9, "num_statements": 9, "percent_covered": 100.0, "percent_covered_display": "100", "missing_lines": 0, "excluded_lines": 0}, "missing_lines": [], "excluded_lines": []}}, "classes": {"TreeNodeApi": {"executed_lines": [], "summary": {"covered_lines": 0, "num_statements": 16, "percent_covered": 0.0, "percent_covered_display": "0", "missing_lines": 16, "excluded_lines": 0}, "missing_lines": [160, 161, 163, 164, 165, 166, 167, 172, 173, 174, 175, 179, 180, 181, 182, 183], "excluded_lines": []}, "": {"executed_lines": [1, 4, 5, 146, 157, 158, 169, 170, 177, 178], "summary": {"covered_lines": 9, "num_statements": 9, "percent_covered": 100.0, "percent_covered_display": "100", "missing_lines": 0, "excluded_lines": 0}, "missing_lines": [], "excluded_lines": []}}}, "AlgoTree/utils.py": {"executed_lines": [1, 2, 3, 6, 40, 43, 46, 49, 52, 53, 55, 56, 57, 58, 61, 62, 63, 65, 66, 67, 70, 73, 102, 105, 108, 111, 114, 115, 117, 118, 120, 121, 127, 128, 130, 133, 140, 143, 144, 145, 148, 155, 158, 160, 161, 162, 165, 173, 176, 177, 182, 185, 193, 196, 197, 199, 202, 209, 212, 215, 222, 225, 232, 235, 243, 246, 249, 284, 287, 290, 293, 294, 295, 296, 299, 300, 301, 303, 304, 305, 308, 334, 342, 343, 348, 351, 373, 375, 377, 378, 379, 381, 383, 384, 387, 400, 408, 430, 432, 433, 434, 436, 437, 439, 440, 443, 470, 485, 487, 489, 490, 491, 493, 494, 497, 504, 505, 508, 515, 518, 546, 563, 592, 620, 638, 681, 739], "summary": {"covered_lines": 127, "num_statements": 261, "percent_covered": 48.65900383141762, "percent_covered_display": "49", "missing_lines": 134, "excluded_lines": 0}, "missing_lines": [41, 44, 47, 50, 59, 68, 103, 106, 109, 112, 141, 156, 159, 174, 194, 210, 244, 285, 288, 291, 297, 314, 315, 317, 318, 319, 320, 321, 322, 323, 324, 325, 326, 327, 328, 329, 330, 331, 451, 452, 454, 455, 456, 458, 459, 460, 462, 464, 465, 466, 467, 527, 528, 530, 531, 533, 534, 535, 536, 538, 539, 540, 541, 543, 554, 555, 557, 558, 559, 560, 573, 575, 576, 577, 579, 581, 583, 584, 585, 586, 587, 589, 603, 604, 605, 606, 607, 609, 610, 612, 613, 614, 615, 617, 628, 629, 631, 632, 633, 634, 635, 654, 656, 657, 659, 715, 716, 717, 718, 719, 720, 721, 722, 723, 724, 725, 726, 727, 728, 729, 730, 732, 733, 734, 735, 736, 757, 758, 760, 761, 762, 763, 764, 765], "excluded_lines": [], "functions": {"visit": {"executed_lines": [40, 43, 46, 49, 52, 53, 55, 56, 57, 58, 61, 62, 63, 65, 66, 67, 70], "summary": {"covered_lines": 17, "num_statements": 23, "percent_covered": 73.91304347826087, "percent_covered_display": "74", "missing_lines": 6, "excluded_lines": 0}, "missing_lines": [41, 44, 47, 50, 59, 68], "excluded_lines": []}, "map": {"executed_lines": [102, 105, 108, 111, 114, 115, 117, 118, 120, 121, 127, 128, 130], "summary": {"covered_lines": 13, "num_statements": 17, "percent_covered": 76.47058823529412, "percent_covered_display": "76", "missing_lines": 4, "excluded_lines": 0}, "missing_lines": [103, 106, 109, 112], "excluded_lines": []}, "descendants": {"executed_lines": [140, 143, 144, 145], "summary": {"covered_lines": 4, "num_statements": 5, "percent_covered": 80.0, "percent_covered_display": "80", "missing_lines": 1, "excluded_lines": 0}, "missing_lines": [141], "excluded_lines": []}, "siblings": {"executed_lines": [155, 158, 160, 161, 162], "summary": {"covered_lines": 5, "num_statements": 7, "percent_covered": 71.42857142857143, "percent_covered_display": "71", "missing_lines": 2, "excluded_lines": 0}, "missing_lines": [156, 159], "excluded_lines": []}, "leaves": {"executed_lines": [173, 176, 177, 182], "summary": {"covered_lines": 4, "num_statements": 5, "percent_covered": 80.0, "percent_covered_display": "80", "missing_lines": 1, "excluded_lines": 0}, "missing_lines": [174], "excluded_lines": []}, "height": {"executed_lines": [193, 196, 199], "summary": {"covered_lines": 3, "num_statements": 4, "percent_covered": 75.0, "percent_covered_display": "75", "missing_lines": 1, "excluded_lines": 0}, "missing_lines": [194], "excluded_lines": []}, "height._height": {"executed_lines": [197], "summary": {"covered_lines": 1, "num_statements": 1, "percent_covered": 100.0, "percent_covered_display": "100", "missing_lines": 0, "excluded_lines": 0}, "missing_lines": [], "excluded_lines": []}, "depth": {"executed_lines": [209, 212], "summary": {"covered_lines": 2, "num_statements": 3, "percent_covered": 66.66666666666667, "percent_covered_display": "67", "missing_lines": 1, "excluded_lines": 0}, "missing_lines": [210], "excluded_lines": []}, "is_root": {"executed_lines": [222], "summary": {"covered_lines": 1, "num_statements": 1, "percent_covered": 100.0, "percent_covered_display": "100", "missing_lines": 0, "excluded_lines": 0}, "missing_lines": [], "excluded_lines": []}, "is_leaf": {"executed_lines": [232], "summary": {"covered_lines": 1, "num_statements": 1, "percent_covered": 100.0, "percent_covered_display": "100", "missing_lines": 0, "excluded_lines": 0}, "missing_lines": [], "excluded_lines": []}, "is_internal": {"executed_lines": [243, 246], "summary": {"covered_lines": 2, "num_statements": 3, "percent_covered": 66.66666666666667, "percent_covered_display": "67", "missing_lines": 1, "excluded_lines": 0}, "missing_lines": [244], "excluded_lines": []}, "breadth_first": {"executed_lines": [284, 287, 290, 293, 294, 295, 296, 299, 300, 301, 303, 304, 305], "summary": {"covered_lines": 13, "num_statements": 17, "percent_covered": 76.47058823529412, "percent_covered_display": "76", "missing_lines": 4, "excluded_lines": 0}, "missing_lines": [285, 288, 291, 297], "excluded_lines": []}, "breadth_first_undirected": {"executed_lines": [], "summary": {"covered_lines": 0, "num_statements": 17, "percent_covered": 0.0, "percent_covered_display": "0", "missing_lines": 17, "excluded_lines": 0}, "missing_lines": [314, 315, 317, 318, 319, 320, 321, 322, 323, 324, 325, 326, 327, 328, 329, 330, 331], "excluded_lines": []}, "find_nodes": {"executed_lines": [342, 343, 348], "summary": {"covered_lines": 3, "num_statements": 3, "percent_covered": 100.0, "percent_covered_display": "100", "missing_lines": 0, "excluded_lines": 0}, "missing_lines": [], "excluded_lines": []}, "find_node": {"executed_lines": [373, 375, 383, 384], "summary": {"covered_lines": 4, "num_statements": 4, "percent_covered": 100.0, "percent_covered_display": "100", "missing_lines": 0, "excluded_lines": 0}, "missing_lines": [], "excluded_lines": []}, "find_node._func": {"executed_lines": [377, 378, 379, 381], "summary": {"covered_lines": 4, "num_statements": 4, "percent_covered": 100.0, "percent_covered_display": "100", "missing_lines": 0, "excluded_lines": 0}, "missing_lines": [], "excluded_lines": []}, "prune": {"executed_lines": [400], "summary": {"covered_lines": 1, "num_statements": 1, "percent_covered": 100.0, "percent_covered_display": "100", "missing_lines": 0, "excluded_lines": 0}, "missing_lines": [], "excluded_lines": []}, "node_to_leaf_paths": {"executed_lines": [430, 432, 439, 440], "summary": {"covered_lines": 4, "num_statements": 4, "percent_covered": 100.0, "percent_covered_display": "100", "missing_lines": 0, "excluded_lines": 0}, "missing_lines": [], "excluded_lines": []}, "node_to_leaf_paths._find_paths": {"executed_lines": [433, 434, 436, 437], "summary": {"covered_lines": 4, "num_statements": 4, "percent_covered": 100.0, "percent_covered_display": "100", "missing_lines": 0, "excluded_lines": 0}, "missing_lines": [], "excluded_lines": []}, "find_path": {"executed_lines": [], "summary": {"covered_lines": 0, "num_statements": 7, "percent_covered": 0.0, "percent_covered_display": "0", "missing_lines": 7, "excluded_lines": 0}, "missing_lines": [451, 452, 454, 464, 465, 466, 467], "excluded_lines": []}, "find_path._find": {"executed_lines": [], "summary": {"covered_lines": 0, "num_statements": 6, "percent_covered": 0.0, "percent_covered_display": "0", "missing_lines": 6, "excluded_lines": 0}, "missing_lines": [455, 456, 458, 459, 460, 462], "excluded_lines": []}, "ancestors": {"executed_lines": [485, 487, 493, 494], "summary": {"covered_lines": 4, "num_statements": 4, "percent_covered": 100.0, "percent_covered_display": "100", "missing_lines": 0, "excluded_lines": 0}, "missing_lines": [], "excluded_lines": []}, "ancestors._ancestors": {"executed_lines": [489, 490, 491], "summary": {"covered_lines": 3, "num_statements": 3, "percent_covered": 100.0, "percent_covered_display": "100", "missing_lines": 0, "excluded_lines": 0}, "missing_lines": [], "excluded_lines": []}, "path": {"executed_lines": [504, 505], "summary": {"covered_lines": 2, "num_statements": 2, "percent_covered": 100.0, "percent_covered_display": "100", "missing_lines": 0, "excluded_lines": 0}, "missing_lines": [], "excluded_lines": []}, "size": {"executed_lines": [515], "summary": {"covered_lines": 1, "num_statements": 1, "percent_covered": 100.0, "percent_covered_display": "100", "missing_lines": 0, "excluded_lines": 0}, "missing_lines": [], "excluded_lines": []}, "lca": {"executed_lines": [], "summary": {"covered_lines": 0, "num_statements": 13, "percent_covered": 0.0, "percent_covered_display": "0", "missing_lines": 13, "excluded_lines": 0}, "missing_lines": [527, 528, 530, 531, 533, 534, 535, 536, 538, 539, 540, 541, 543], "excluded_lines": []}, "distance": {"executed_lines": [], "summary": {"covered_lines": 0, "num_statements": 6, "percent_covered": 0.0, "percent_covered_display": "0", "missing_lines": 6, "excluded_lines": 0}, "missing_lines": [554, 555, 557, 558, 559, 560], "excluded_lines": []}, "subtree_rooted_at": {"executed_lines": [], "summary": {"covered_lines": 0, "num_statements": 5, "percent_covered": 0.0, "percent_covered_display": "0", "missing_lines": 5, "excluded_lines": 0}, "missing_lines": [573, 575, 579, 581, 589], "excluded_lines": []}, "subtree_rooted_at._helper": {"executed_lines": [], "summary": {"covered_lines": 0, "num_statements": 2, "percent_covered": 0.0, "percent_covered_display": "0", "missing_lines": 2, "excluded_lines": 0}, "missing_lines": [576, 577], "excluded_lines": []}, "subtree_rooted_at._build": {"executed_lines": [], "summary": {"covered_lines": 0, "num_statements": 5, "percent_covered": 0.0, "percent_covered_display": "0", "missing_lines": 5, "excluded_lines": 0}, "missing_lines": [583, 584, 585, 586, 587], "excluded_lines": []}, "subtree_centered_at": {"executed_lines": [], "summary": {"covered_lines": 0, "num_statements": 7, "percent_covered": 0.0, "percent_covered_display": "0", "missing_lines": 7, "excluded_lines": 0}, "missing_lines": [603, 604, 605, 606, 607, 609, 617], "excluded_lines": []}, "subtree_centered_at._build": {"executed_lines": [], "summary": {"covered_lines": 0, "num_statements": 5, "percent_covered": 0.0, "percent_covered_display": "0", "missing_lines": 5, "excluded_lines": 0}, "missing_lines": [610, 612, 613, 614, 615], "excluded_lines": []}, "average_distance": {"executed_lines": [], "summary": {"covered_lines": 0, "num_statements": 7, "percent_covered": 0.0, "percent_covered_display": "0", "missing_lines": 7, "excluded_lines": 0}, "missing_lines": [628, 629, 631, 632, 633, 634, 635], "excluded_lines": []}, "node_stats": {"executed_lines": [], "summary": {"covered_lines": 0, "num_statements": 4, "percent_covered": 0.0, "percent_covered_display": "0", "missing_lines": 4, "excluded_lines": 0}, "missing_lines": [654, 656, 657, 659], "excluded_lines": []}, "paths_to_tree": {"executed_lines": [], "summary": {"covered_lines": 0, "num_statements": 21, "percent_covered": 0.0, "percent_covered_display": "0", "missing_lines": 21, "excluded_lines": 0}, "missing_lines": [715, 716, 717, 718, 719, 720, 721, 722, 723, 724, 725, 726, 727, 728, 729, 730, 732, 733, 734, 735, 736], "excluded_lines": []}, "is_isomorphic": {"executed_lines": [], "summary": {"covered_lines": 0, "num_statements": 8, "percent_covered": 0.0, "percent_covered_display": "0", "missing_lines": 8, "excluded_lines": 0}, "missing_lines": [757, 758, 760, 761, 762, 763, 764, 765], "excluded_lines": []}, "": {"executed_lines": [1, 2, 3, 6, 73, 133, 148, 165, 185, 202, 215, 225, 235, 249, 308, 334, 351, 387, 408, 443, 470, 497, 508, 518, 546, 563, 592, 620, 638, 681, 739], "summary": {"covered_lines": 31, "num_statements": 31, "percent_covered": 100.0, "percent_covered_display": "100", "missing_lines": 0, "excluded_lines": 0}, "missing_lines": [], "excluded_lines": []}}, "classes": {"": {"executed_lines": [1, 2, 3, 6, 40, 43, 46, 49, 52, 53, 55, 56, 57, 58, 61, 62, 63, 65, 66, 67, 70, 73, 102, 105, 108, 111, 114, 115, 117, 118, 120, 121, 127, 128, 130, 133, 140, 143, 144, 145, 148, 155, 158, 160, 161, 162, 165, 173, 176, 177, 182, 185, 193, 196, 197, 199, 202, 209, 212, 215, 222, 225, 232, 235, 243, 246, 249, 284, 287, 290, 293, 294, 295, 296, 299, 300, 301, 303, 304, 305, 308, 334, 342, 343, 348, 351, 373, 375, 377, 378, 379, 381, 383, 384, 387, 400, 408, 430, 432, 433, 434, 436, 437, 439, 440, 443, 470, 485, 487, 489, 490, 491, 493, 494, 497, 504, 505, 508, 515, 518, 546, 563, 592, 620, 638, 681, 739], "summary": {"covered_lines": 127, "num_statements": 261, "percent_covered": 48.65900383141762, "percent_covered_display": "49", "missing_lines": 134, "excluded_lines": 0}, "missing_lines": [41, 44, 47, 50, 59, 68, 103, 106, 109, 112, 141, 156, 159, 174, 194, 210, 244, 285, 288, 291, 297, 314, 315, 317, 318, 319, 320, 321, 322, 323, 324, 325, 326, 327, 328, 329, 330, 331, 451, 452, 454, 455, 456, 458, 459, 460, 462, 464, 465, 466, 467, 527, 528, 530, 531, 533, 534, 535, 536, 538, 539, 540, 541, 543, 554, 555, 557, 558, 559, 560, 573, 575, 576, 577, 579, 581, 583, 584, 585, 586, 587, 589, 603, 604, 605, 606, 607, 609, 610, 612, 613, 614, 615, 617, 628, 629, 631, 632, 633, 634, 635, 654, 656, 657, 659, 715, 716, 717, 718, 719, 720, 721, 722, 723, 724, 725, 726, 727, 728, 729, 730, 732, 733, 734, 735, 736, 757, 758, 760, 761, 762, 763, 764, 765], "excluded_lines": []}}}, "test/test_algos.py": {"executed_lines": [1, 2, 3, 4, 7, 9, 26, 27, 28, 29, 30, 31, 32, 33, 35, 49, 55, 56, 58, 59, 61, 63, 64, 65, 66, 67, 68, 71], "summary": {"covered_lines": 28, "num_statements": 29, "percent_covered": 96.55172413793103, "percent_covered_display": "97", "missing_lines": 1, "excluded_lines": 0}, "missing_lines": [72], "excluded_lines": [], "functions": {"TestUtils.setUp": {"executed_lines": [26, 27, 28, 29, 30, 31, 32, 33], "summary": {"covered_lines": 8, "num_statements": 8, "percent_covered": 100.0, "percent_covered_display": "100", "missing_lines": 0, "excluded_lines": 0}, "missing_lines": [], "excluded_lines": []}, "TestUtils.test_node_to_leaf_paths": {"executed_lines": [49, 55, 56], "summary": {"covered_lines": 3, "num_statements": 3, "percent_covered": 100.0, "percent_covered_display": "100", "missing_lines": 0, "excluded_lines": 0}, "missing_lines": [], "excluded_lines": []}, "TestUtils.test_prune": {"executed_lines": [59, 63, 64, 65, 66, 67, 68], "summary": {"covered_lines": 7, "num_statements": 7, "percent_covered": 100.0, "percent_covered_display": "100", "missing_lines": 0, "excluded_lines": 0}, "missing_lines": [], "excluded_lines": []}, "TestUtils.test_prune.pred": {"executed_lines": [61], "summary": {"covered_lines": 1, "num_statements": 1, "percent_covered": 100.0, "percent_covered_display": "100", "missing_lines": 0, "excluded_lines": 0}, "missing_lines": [], "excluded_lines": []}, "": {"executed_lines": [1, 2, 3, 4, 7, 9, 35, 58, 71], "summary": {"covered_lines": 9, "num_statements": 10, "percent_covered": 90.0, "percent_covered_display": "90", "missing_lines": 1, "excluded_lines": 0}, "missing_lines": [72], "excluded_lines": []}}, "classes": {"TestUtils": {"executed_lines": [26, 27, 28, 29, 30, 31, 32, 33, 49, 55, 56, 59, 61, 63, 64, 65, 66, 67, 68], "summary": {"covered_lines": 19, "num_statements": 19, "percent_covered": 100.0, "percent_covered_display": "100", "missing_lines": 0, "excluded_lines": 0}, "missing_lines": [], "excluded_lines": []}, "": {"executed_lines": [1, 2, 3, 4, 7, 9, 35, 58, 71], "summary": {"covered_lines": 9, "num_statements": 10, "percent_covered": 90.0, "percent_covered_display": "90", "missing_lines": 1, "excluded_lines": 0}, "missing_lines": [72], "excluded_lines": []}}}, "test/test_algos_treenode.py": {"executed_lines": [1, 2, 3, 4, 7, 9, 26, 27, 28, 29, 30, 31, 32, 33, 35, 49, 55, 56, 58, 59, 61, 63, 64, 65, 66, 67, 68, 71], "summary": {"covered_lines": 28, "num_statements": 29, "percent_covered": 96.55172413793103, "percent_covered_display": "97", "missing_lines": 1, "excluded_lines": 0}, "missing_lines": [72], "excluded_lines": [], "functions": {"TestUtils.setUp": {"executed_lines": [26, 27, 28, 29, 30, 31, 32, 33], "summary": {"covered_lines": 8, "num_statements": 8, "percent_covered": 100.0, "percent_covered_display": "100", "missing_lines": 0, "excluded_lines": 0}, "missing_lines": [], "excluded_lines": []}, "TestUtils.test_node_to_leaf_paths": {"executed_lines": [49, 55, 56], "summary": {"covered_lines": 3, "num_statements": 3, "percent_covered": 100.0, "percent_covered_display": "100", "missing_lines": 0, "excluded_lines": 0}, "missing_lines": [], "excluded_lines": []}, "TestUtils.test_prune": {"executed_lines": [59, 63, 64, 65, 66, 67, 68], "summary": {"covered_lines": 7, "num_statements": 7, "percent_covered": 100.0, "percent_covered_display": "100", "missing_lines": 0, "excluded_lines": 0}, "missing_lines": [], "excluded_lines": []}, "TestUtils.test_prune.pred": {"executed_lines": [61], "summary": {"covered_lines": 1, "num_statements": 1, "percent_covered": 100.0, "percent_covered_display": "100", "missing_lines": 0, "excluded_lines": 0}, "missing_lines": [], "excluded_lines": []}, "": {"executed_lines": [1, 2, 3, 4, 7, 9, 35, 58, 71], "summary": {"covered_lines": 9, "num_statements": 10, "percent_covered": 90.0, "percent_covered_display": "90", "missing_lines": 1, "excluded_lines": 0}, "missing_lines": [72], "excluded_lines": []}}, "classes": {"TestUtils": {"executed_lines": [26, 27, 28, 29, 30, 31, 32, 33, 49, 55, 56, 59, 61, 63, 64, 65, 66, 67, 68], "summary": {"covered_lines": 19, "num_statements": 19, "percent_covered": 100.0, "percent_covered_display": "100", "missing_lines": 0, "excluded_lines": 0}, "missing_lines": [], "excluded_lines": []}, "": {"executed_lines": [1, 2, 3, 4, 7, 9, 35, 58, 71], "summary": {"covered_lines": 9, "num_statements": 10, "percent_covered": 90.0, "percent_covered_display": "90", "missing_lines": 1, "excluded_lines": 0}, "missing_lines": [72], "excluded_lines": []}}}, "test/test_flat_forest.py": {"executed_lines": [1, 3, 6, 7, 8, 16, 18, 19, 20, 21, 23, 24, 25, 34, 36, 37, 38, 39, 41, 42, 43, 44, 46, 47, 48, 50, 51, 52, 54, 56, 59, 60, 61, 64, 65, 66, 69, 70, 71, 73, 74, 75, 77, 78, 80, 81, 82, 84, 85, 86, 89], "summary": {"covered_lines": 51, "num_statements": 52, "percent_covered": 98.07692307692308, "percent_covered_display": "98", "missing_lines": 1, "excluded_lines": 0}, "missing_lines": [90], "excluded_lines": [], "functions": {"TestFlatTree.setUp": {"executed_lines": [8, 16], "summary": {"covered_lines": 2, "num_statements": 2, "percent_covered": 100.0, "percent_covered_display": "100", "missing_lines": 0, "excluded_lines": 0}, "missing_lines": [], "excluded_lines": []}, "TestFlatTree.test_initialization": {"executed_lines": [19, 20, 21], "summary": {"covered_lines": 3, "num_statements": 3, "percent_covered": 100.0, "percent_covered_display": "100", "missing_lines": 0, "excluded_lines": 0}, "missing_lines": [], "excluded_lines": []}, "TestFlatTree.test_node_names": {"executed_lines": [24, 25, 34], "summary": {"covered_lines": 3, "num_statements": 3, "percent_covered": 100.0, "percent_covered_display": "100", "missing_lines": 0, "excluded_lines": 0}, "missing_lines": [], "excluded_lines": []}, "TestFlatTree.test_child_names": {"executed_lines": [37, 38, 39], "summary": {"covered_lines": 3, "num_statements": 3, "percent_covered": 100.0, "percent_covered_display": "100", "missing_lines": 0, "excluded_lines": 0}, "missing_lines": [], "excluded_lines": []}, "TestFlatTree.test_detach": {"executed_lines": [42, 43, 44], "summary": {"covered_lines": 3, "num_statements": 3, "percent_covered": 100.0, "percent_covered_display": "100", "missing_lines": 0, "excluded_lines": 0}, "missing_lines": [], "excluded_lines": []}, "TestFlatTree.test_purge": {"executed_lines": [47, 48, 50, 51, 52], "summary": {"covered_lines": 5, "num_statements": 5, "percent_covered": 100.0, "percent_covered_display": "100", "missing_lines": 0, "excluded_lines": 0}, "missing_lines": [], "excluded_lines": []}, "TestFlatTree.test_check_valid": {"executed_lines": [56, 59, 60, 61, 64, 65, 66, 69, 70, 71], "summary": {"covered_lines": 10, "num_statements": 10, "percent_covered": 100.0, "percent_covered_display": "100", "missing_lines": 0, "excluded_lines": 0}, "missing_lines": [], "excluded_lines": []}, "TestFlatTree.test_node": {"executed_lines": [74, 75, 77, 78], "summary": {"covered_lines": 4, "num_statements": 4, "percent_covered": 100.0, "percent_covered_display": "100", "missing_lines": 0, "excluded_lines": 0}, "missing_lines": [], "excluded_lines": []}, "TestFlatTree.test_root": {"executed_lines": [81, 82], "summary": {"covered_lines": 2, "num_statements": 2, "percent_covered": 100.0, "percent_covered_display": "100", "missing_lines": 0, "excluded_lines": 0}, "missing_lines": [], "excluded_lines": []}, "TestFlatTree.test_detached": {"executed_lines": [85, 86], "summary": {"covered_lines": 2, "num_statements": 2, "percent_covered": 100.0, "percent_covered_display": "100", "missing_lines": 0, "excluded_lines": 0}, "missing_lines": [], "excluded_lines": []}, "": {"executed_lines": [1, 3, 6, 7, 18, 23, 36, 41, 46, 54, 73, 80, 84, 89], "summary": {"covered_lines": 14, "num_statements": 15, "percent_covered": 93.33333333333333, "percent_covered_display": "93", "missing_lines": 1, "excluded_lines": 0}, "missing_lines": [90], "excluded_lines": []}}, "classes": {"TestFlatTree": {"executed_lines": [8, 16, 19, 20, 21, 24, 25, 34, 37, 38, 39, 42, 43, 44, 47, 48, 50, 51, 52, 56, 59, 60, 61, 64, 65, 66, 69, 70, 71, 74, 75, 77, 78, 81, 82, 85, 86], "summary": {"covered_lines": 37, "num_statements": 37, "percent_covered": 100.0, "percent_covered_display": "100", "missing_lines": 0, "excluded_lines": 0}, "missing_lines": [], "excluded_lines": []}, "": {"executed_lines": [1, 3, 6, 7, 18, 23, 36, 41, 46, 54, 73, 80, 84, 89], "summary": {"covered_lines": 14, "num_statements": 15, "percent_covered": 93.33333333333333, "percent_covered_display": "93", "missing_lines": 1, "excluded_lines": 0}, "missing_lines": [90], "excluded_lines": []}}}, "test/test_flat_forest_additional.py": {"executed_lines": [1, 2, 3, 5, 6, 9, 10, 11, 12, 14, 16, 18, 20, 21, 22, 23, 26, 27, 28, 30, 31, 32, 33, 36, 38, 39, 42, 44, 46, 47, 50, 51, 53, 54, 55, 56, 58, 59, 60, 61, 62, 63, 64, 65, 66, 68, 76, 77, 80], "summary": {"covered_lines": 49, "num_statements": 50, "percent_covered": 98.0, "percent_covered_display": "98", "missing_lines": 1, "excluded_lines": 0}, "missing_lines": [81], "excluded_lines": [], "functions": {"TestFlatTreeNodeAdditional.setUp": {"executed_lines": [11, 12], "summary": {"covered_lines": 2, "num_statements": 2, "percent_covered": 100.0, "percent_covered_display": "100", "missing_lines": 0, "excluded_lines": 0}, "missing_lines": [], "excluded_lines": []}, "TestFlatTreeNodeAdditional.test_node_creation_with_uuid": {"executed_lines": [16, 18], "summary": {"covered_lines": 2, "num_statements": 2, "percent_covered": 100.0, "percent_covered_display": "100", "missing_lines": 0, "excluded_lines": 0}, "missing_lines": [], "excluded_lines": []}, "TestFlatTreeNodeAdditional.test_cycle_detection": {"executed_lines": [21, 22, 23, 26, 27, 28], "summary": {"covered_lines": 6, "num_statements": 6, "percent_covered": 100.0, "percent_covered_display": "100", "missing_lines": 0, "excluded_lines": 0}, "missing_lines": [], "excluded_lines": []}, "TestFlatTreeNodeAdditional.test_serialization_and_deserialization": {"executed_lines": [31, 32, 33, 36, 38, 39, 42], "summary": {"covered_lines": 7, "num_statements": 7, "percent_covered": 100.0, "percent_covered_display": "100", "missing_lines": 0, "excluded_lines": 0}, "missing_lines": [], "excluded_lines": []}, "TestFlatTreeNodeAdditional.test_handling_non_serializable_data": {"executed_lines": [46, 47, 50, 51], "summary": {"covered_lines": 4, "num_statements": 4, "percent_covered": 100.0, "percent_covered_display": "100", "missing_lines": 0, "excluded_lines": 0}, "missing_lines": [], "excluded_lines": []}, "TestFlatTreeNodeAdditional.test_tree_visualization": {"executed_lines": [54, 55, 56, 58, 68, 76, 77], "summary": {"covered_lines": 7, "num_statements": 7, "percent_covered": 100.0, "percent_covered_display": "100", "missing_lines": 0, "excluded_lines": 0}, "missing_lines": [], "excluded_lines": []}, "TestFlatTreeNodeAdditional.test_tree_visualization.pretty_print": {"executed_lines": [59, 60, 61, 62, 63, 64, 65, 66], "summary": {"covered_lines": 8, "num_statements": 8, "percent_covered": 100.0, "percent_covered_display": "100", "missing_lines": 0, "excluded_lines": 0}, "missing_lines": [], "excluded_lines": []}, "": {"executed_lines": [1, 2, 3, 5, 6, 9, 10, 14, 20, 30, 44, 53, 80], "summary": {"covered_lines": 13, "num_statements": 14, "percent_covered": 92.85714285714286, "percent_covered_display": "93", "missing_lines": 1, "excluded_lines": 0}, "missing_lines": [81], "excluded_lines": []}}, "classes": {"TestFlatTreeNodeAdditional": {"executed_lines": [11, 12, 16, 18, 21, 22, 23, 26, 27, 28, 31, 32, 33, 36, 38, 39, 42, 46, 47, 50, 51, 54, 55, 56, 58, 59, 60, 61, 62, 63, 64, 65, 66, 68, 76, 77], "summary": {"covered_lines": 36, "num_statements": 36, "percent_covered": 100.0, "percent_covered_display": "100", "missing_lines": 0, "excluded_lines": 0}, "missing_lines": [], "excluded_lines": []}, "": {"executed_lines": [1, 2, 3, 5, 6, 9, 10, 14, 20, 30, 44, 53, 80], "summary": {"covered_lines": 13, "num_statements": 14, "percent_covered": 92.85714285714286, "percent_covered_display": "93", "missing_lines": 1, "excluded_lines": 0}, "missing_lines": [81], "excluded_lines": []}}}, "test/test_flat_forest_nb.py": {"executed_lines": [1, 3, 4, 7, 8, 21, 35, 37, 39, 45, 46, 47, 48, 50, 51, 52, 60, 62, 63, 64, 65, 67, 68, 69, 70, 72, 73, 74, 75, 76, 77, 79, 80, 81, 82, 83, 85, 86, 87, 89, 90, 92, 93, 94, 96, 97, 98, 101, 102, 115, 129, 130, 131, 133, 134, 135, 137, 138, 139, 141, 142, 144, 145, 146, 147, 148, 150, 151, 152, 153, 155, 156, 157, 158, 159, 160, 162, 163, 164, 165, 166, 168, 169, 170, 171, 172, 174, 175, 176, 177, 178, 179, 182], "summary": {"covered_lines": 93, "num_statements": 94, "percent_covered": 98.93617021276596, "percent_covered_display": "99", "missing_lines": 1, "excluded_lines": 0}, "missing_lines": [183], "excluded_lines": [], "functions": {"TestFlatTree.setUp": {"executed_lines": [21, 35], "summary": {"covered_lines": 2, "num_statements": 2, "percent_covered": 100.0, "percent_covered_display": "100", "missing_lines": 0, "excluded_lines": 0}, "missing_lines": [], "excluded_lines": []}, "TestFlatTree.test_parent": {"executed_lines": [39], "summary": {"covered_lines": 1, "num_statements": 1, "percent_covered": 100.0, "percent_covered_display": "100", "missing_lines": 0, "excluded_lines": 0}, "missing_lines": [], "excluded_lines": []}, "TestFlatTree.test_initialization": {"executed_lines": [46, 47, 48], "summary": {"covered_lines": 3, "num_statements": 3, "percent_covered": 100.0, "percent_covered_display": "100", "missing_lines": 0, "excluded_lines": 0}, "missing_lines": [], "excluded_lines": []}, "TestFlatTree.test_node_names": {"executed_lines": [51, 52, 60], "summary": {"covered_lines": 3, "num_statements": 3, "percent_covered": 100.0, "percent_covered_display": "100", "missing_lines": 0, "excluded_lines": 0}, "missing_lines": [], "excluded_lines": []}, "TestFlatTree.test_child_names": {"executed_lines": [63, 64, 65], "summary": {"covered_lines": 3, "num_statements": 3, "percent_covered": 100.0, "percent_covered_display": "100", "missing_lines": 0, "excluded_lines": 0}, "missing_lines": [], "excluded_lines": []}, "TestFlatTree.test_detach": {"executed_lines": [68, 69, 70], "summary": {"covered_lines": 3, "num_statements": 3, "percent_covered": 100.0, "percent_covered_display": "100", "missing_lines": 0, "excluded_lines": 0}, "missing_lines": [], "excluded_lines": []}, "TestFlatTree.test_purge": {"executed_lines": [73, 74, 75, 76, 77], "summary": {"covered_lines": 5, "num_statements": 5, "percent_covered": 100.0, "percent_covered_display": "100", "missing_lines": 0, "excluded_lines": 0}, "missing_lines": [], "excluded_lines": []}, "TestFlatTree.test_check_valid": {"executed_lines": [80, 81, 82, 83], "summary": {"covered_lines": 4, "num_statements": 4, "percent_covered": 100.0, "percent_covered_display": "100", "missing_lines": 0, "excluded_lines": 0}, "missing_lines": [], "excluded_lines": []}, "TestFlatTree.test_node": {"executed_lines": [86, 87, 89, 90], "summary": {"covered_lines": 4, "num_statements": 4, "percent_covered": 100.0, "percent_covered_display": "100", "missing_lines": 0, "excluded_lines": 0}, "missing_lines": [], "excluded_lines": []}, "TestFlatTree.test_root": {"executed_lines": [93, 94], "summary": {"covered_lines": 2, "num_statements": 2, "percent_covered": 100.0, "percent_covered_display": "100", "missing_lines": 0, "excluded_lines": 0}, "missing_lines": [], "excluded_lines": []}, "TestFlatTree.test_detached": {"executed_lines": [97, 98], "summary": {"covered_lines": 2, "num_statements": 2, "percent_covered": 100.0, "percent_covered_display": "100", "missing_lines": 0, "excluded_lines": 0}, "missing_lines": [], "excluded_lines": []}, "TestFlatTreeNode.setUp": {"executed_lines": [115, 129, 130, 131], "summary": {"covered_lines": 4, "num_statements": 4, "percent_covered": 100.0, "percent_covered_display": "100", "missing_lines": 0, "excluded_lines": 0}, "missing_lines": [], "excluded_lines": []}, "TestFlatTreeNode.test_initialization": {"executed_lines": [134, 135], "summary": {"covered_lines": 2, "num_statements": 2, "percent_covered": 100.0, "percent_covered_display": "100", "missing_lines": 0, "excluded_lines": 0}, "missing_lines": [], "excluded_lines": []}, "TestFlatTreeNode.test_children": {"executed_lines": [138, 139, 141, 142], "summary": {"covered_lines": 4, "num_statements": 4, "percent_covered": 100.0, "percent_covered_display": "100", "missing_lines": 0, "excluded_lines": 0}, "missing_lines": [], "excluded_lines": []}, "TestFlatTreeNode.test_add_child": {"executed_lines": [145, 146, 147, 148], "summary": {"covered_lines": 4, "num_statements": 4, "percent_covered": 100.0, "percent_covered_display": "100", "missing_lines": 0, "excluded_lines": 0}, "missing_lines": [], "excluded_lines": []}, "TestFlatTreeNode.test_detach": {"executed_lines": [151, 152, 153], "summary": {"covered_lines": 3, "num_statements": 3, "percent_covered": 100.0, "percent_covered_display": "100", "missing_lines": 0, "excluded_lines": 0}, "missing_lines": [], "excluded_lines": []}, "TestFlatTreeNode.test_getitem_setitem_delitem": {"executed_lines": [156, 157, 158, 159, 160], "summary": {"covered_lines": 5, "num_statements": 5, "percent_covered": 100.0, "percent_covered_display": "100", "missing_lines": 0, "excluded_lines": 0}, "missing_lines": [], "excluded_lines": []}, "TestFlatTreeNode.test_clear": {"executed_lines": [163, 164, 165, 166], "summary": {"covered_lines": 4, "num_statements": 4, "percent_covered": 100.0, "percent_covered_display": "100", "missing_lines": 0, "excluded_lines": 0}, "missing_lines": [], "excluded_lines": []}, "TestFlatTreeNode.test_child_operations": {"executed_lines": [169, 170, 171, 172], "summary": {"covered_lines": 4, "num_statements": 4, "percent_covered": 100.0, "percent_covered_display": "100", "missing_lines": 0, "excluded_lines": 0}, "missing_lines": [], "excluded_lines": []}, "TestFlatTreeNode.test_create_cycle": {"executed_lines": [175, 176, 177, 178, 179], "summary": {"covered_lines": 5, "num_statements": 5, "percent_covered": 100.0, "percent_covered_display": "100", "missing_lines": 0, "excluded_lines": 0}, "missing_lines": [], "excluded_lines": []}, "": {"executed_lines": [1, 3, 4, 7, 8, 37, 45, 50, 62, 67, 72, 79, 85, 92, 96, 101, 102, 133, 137, 144, 150, 155, 162, 168, 174, 182], "summary": {"covered_lines": 26, "num_statements": 27, "percent_covered": 96.29629629629629, "percent_covered_display": "96", "missing_lines": 1, "excluded_lines": 0}, "missing_lines": [183], "excluded_lines": []}}, "classes": {"TestFlatTree": {"executed_lines": [21, 35, 39, 46, 47, 48, 51, 52, 60, 63, 64, 65, 68, 69, 70, 73, 74, 75, 76, 77, 80, 81, 82, 83, 86, 87, 89, 90, 93, 94, 97, 98], "summary": {"covered_lines": 32, "num_statements": 32, "percent_covered": 100.0, "percent_covered_display": "100", "missing_lines": 0, "excluded_lines": 0}, "missing_lines": [], "excluded_lines": []}, "TestFlatTreeNode": {"executed_lines": [115, 129, 130, 131, 134, 135, 138, 139, 141, 142, 145, 146, 147, 148, 151, 152, 153, 156, 157, 158, 159, 160, 163, 164, 165, 166, 169, 170, 171, 172, 175, 176, 177, 178, 179], "summary": {"covered_lines": 35, "num_statements": 35, "percent_covered": 100.0, "percent_covered_display": "100", "missing_lines": 0, "excluded_lines": 0}, "missing_lines": [], "excluded_lines": []}, "": {"executed_lines": [1, 3, 4, 7, 8, 37, 45, 50, 62, 67, 72, 79, 85, 92, 96, 101, 102, 133, 137, 144, 150, 155, 162, 168, 174, 182], "summary": {"covered_lines": 26, "num_statements": 27, "percent_covered": 96.29629629629629, "percent_covered_display": "96", "missing_lines": 1, "excluded_lines": 0}, "missing_lines": [183], "excluded_lines": []}}}, "test/test_flat_forest_node.py": {"executed_lines": [1, 3, 4, 7, 8, 9, 17, 18, 19, 20, 21, 23, 24, 25, 27, 28, 29, 30, 32, 33, 34, 36, 37, 39, 40, 41, 42, 44, 45, 46, 47, 48, 50, 51, 52, 53, 55, 56, 57, 59, 60, 61, 62, 64, 65, 66, 67, 68, 69, 72], "summary": {"covered_lines": 50, "num_statements": 51, "percent_covered": 98.03921568627452, "percent_covered_display": "98", "missing_lines": 1, "excluded_lines": 0}, "missing_lines": [73], "excluded_lines": [], "functions": {"TestFlatTreeNode.setUp": {"executed_lines": [9, 17, 18, 19, 20, 21], "summary": {"covered_lines": 6, "num_statements": 6, "percent_covered": 100.0, "percent_covered_display": "100", "missing_lines": 0, "excluded_lines": 0}, "missing_lines": [], "excluded_lines": []}, "TestFlatTreeNode.test_initialization": {"executed_lines": [24, 25], "summary": {"covered_lines": 2, "num_statements": 2, "percent_covered": 100.0, "percent_covered_display": "100", "missing_lines": 0, "excluded_lines": 0}, "missing_lines": [], "excluded_lines": []}, "TestFlatTreeNode.test_parent": {"executed_lines": [28, 29, 30], "summary": {"covered_lines": 3, "num_statements": 3, "percent_covered": 100.0, "percent_covered_display": "100", "missing_lines": 0, "excluded_lines": 0}, "missing_lines": [], "excluded_lines": []}, "TestFlatTreeNode.test_children": {"executed_lines": [33, 34, 36, 37], "summary": {"covered_lines": 4, "num_statements": 4, "percent_covered": 100.0, "percent_covered_display": "100", "missing_lines": 0, "excluded_lines": 0}, "missing_lines": [], "excluded_lines": []}, "TestFlatTreeNode.test_payload": {"executed_lines": [40, 41, 42], "summary": {"covered_lines": 3, "num_statements": 3, "percent_covered": 100.0, "percent_covered_display": "100", "missing_lines": 0, "excluded_lines": 0}, "missing_lines": [], "excluded_lines": []}, "TestFlatTreeNode.test_add_child": {"executed_lines": [45, 46, 47, 48], "summary": {"covered_lines": 4, "num_statements": 4, "percent_covered": 100.0, "percent_covered_display": "100", "missing_lines": 0, "excluded_lines": 0}, "missing_lines": [], "excluded_lines": []}, "TestFlatTreeNode.test_detach": {"executed_lines": [51, 52, 53], "summary": {"covered_lines": 3, "num_statements": 3, "percent_covered": 100.0, "percent_covered_display": "100", "missing_lines": 0, "excluded_lines": 0}, "missing_lines": [], "excluded_lines": []}, "TestFlatTreeNode.test_set_parent": {"executed_lines": [56, 57], "summary": {"covered_lines": 2, "num_statements": 2, "percent_covered": 100.0, "percent_covered_display": "100", "missing_lines": 0, "excluded_lines": 0}, "missing_lines": [], "excluded_lines": []}, "TestFlatTreeNode.test_len_and_iter": {"executed_lines": [60, 61, 62], "summary": {"covered_lines": 3, "num_statements": 3, "percent_covered": 100.0, "percent_covered_display": "100", "missing_lines": 0, "excluded_lines": 0}, "missing_lines": [], "excluded_lines": []}, "TestFlatTreeNode.test_getitem_setitem_delitem": {"executed_lines": [65, 66, 67, 68, 69], "summary": {"covered_lines": 5, "num_statements": 5, "percent_covered": 100.0, "percent_covered_display": "100", "missing_lines": 0, "excluded_lines": 0}, "missing_lines": [], "excluded_lines": []}, "": {"executed_lines": [1, 3, 4, 7, 8, 23, 27, 32, 39, 44, 50, 55, 59, 64, 72], "summary": {"covered_lines": 15, "num_statements": 16, "percent_covered": 93.75, "percent_covered_display": "94", "missing_lines": 1, "excluded_lines": 0}, "missing_lines": [73], "excluded_lines": []}}, "classes": {"TestFlatTreeNode": {"executed_lines": [9, 17, 1
[...]
8, 21, 23, 25, 26, 27, 28, 29, 31, 32, 33, 34, 35, 37, 38, 39, 40, 41, 43, 44, 45, 47, 48, 49, 51, 53, 55, 57, 58, 60, 62, 64, 67, 69, 71, 74, 75, 76, 77, 78, 80, 82, 84, 86, 90, 92, 93, 95, 97, 98, 101], "summary": {"covered_lines": 61, "num_statements": 62, "percent_covered": 98.38709677419355, "percent_covered_display": "98", "missing_lines": 1, "excluded_lines": 0}, "missing_lines": [102], "excluded_lines": [], "functions": {"Node.__init__": {"executed_lines": [13, 14, 15], "summary": {"covered_lines": 3, "num_statements": 3, "percent_covered": 100.0, "percent_covered_display": "100", "missing_lines": 0, "excluded_lines": 0}, "missing_lines": [], "excluded_lines": []}, "Node.add_child": {"executed_lines": [18], "summary": {"covered_lines": 1, "num_statements": 1, "percent_covered": 100.0, "percent_covered_display": "100", "missing_lines": 0, "excluded_lines": 0}, "missing_lines": [], "excluded_lines": []}, "TestTreeHasher.setUp": {"executed_lines": [25, 26, 27, 28, 29, 31, 32, 33, 34, 35, 37, 38, 39, 40, 41, 43, 44, 45, 47, 48, 49, 51], "summary": {"covered_lines": 22, "num_statements": 22, "percent_covered": 100.0, "percent_covered_display": "100", "missing_lines": 0, "excluded_lines": 0}, "missing_lines": [], "excluded_lines": []}, "TestTreeHasher.test_tree_hash_equal_trees": {"executed_lines": [55, 57, 58], "summary": {"covered_lines": 3, "num_statements": 3, "percent_covered": 100.0, "percent_covered_display": "100", "missing_lines": 0, "excluded_lines": 0}, "missing_lines": [], "excluded_lines": []}, "TestTreeHasher.test_tree_hash_different_trees": {"executed_lines": [62], "summary": {"covered_lines": 1, "num_statements": 1, "percent_covered": 100.0, "percent_covered_display": "100", "missing_lines": 0, "excluded_lines": 0}, "missing_lines": [], "excluded_lines": []}, "TestTreeHasher.test_tree_hash_isomorphic_trees": {"executed_lines": [67], "summary": {"covered_lines": 1, "num_statements": 1, "percent_covered": 100.0, "percent_covered_display": "100", "missing_lines": 0, "excluded_lines": 0}, "missing_lines": [], "excluded_lines": []}, "TestTreeHasher.test_isomorphic_tree_hash": {"executed_lines": [71, 74, 75, 76, 77, 78, 80], "summary": {"covered_lines": 7, "num_statements": 7, "percent_covered": 100.0, "percent_covered_display": "100", "missing_lines": 0, "excluded_lines": 0}, "missing_lines": [], "excluded_lines": []}, "TestTreeHasher.test_non_isomorphic_tree_hash": {"executed_lines": [84, 86], "summary": {"covered_lines": 2, "num_statements": 2, "percent_covered": 100.0, "percent_covered_display": "100", "missing_lines": 0, "excluded_lines": 0}, "missing_lines": [], "excluded_lines": []}, "TestTreeHasher.test_tree_hash_with_empty_tree": {"executed_lines": [92, 93], "summary": {"covered_lines": 2, "num_statements": 2, "percent_covered": 100.0, "percent_covered_display": "100", "missing_lines": 0, "excluded_lines": 0}, "missing_lines": [], "excluded_lines": []}, "TestTreeHasher.test_tree_hash_with_single_node": {"executed_lines": [97, 98], "summary": {"covered_lines": 2, "num_statements": 2, "percent_covered": 100.0, "percent_covered_display": "100", "missing_lines": 0, "excluded_lines": 0}, "missing_lines": [], "excluded_lines": []}, "": {"executed_lines": [1, 2, 3, 6, 9, 10, 12, 17, 21, 23, 53, 60, 64, 69, 82, 90, 95, 101], "summary": {"covered_lines": 17, "num_statements": 18, "percent_covered": 94.44444444444444, "percent_covered_display": "94", "missing_lines": 1, "excluded_lines": 0}, "missing_lines": [102], "excluded_lines": []}}, "classes": {"Node": {"executed_lines": [13, 14, 15, 18], "summary": {"covered_lines": 4, "num_statements": 4, "percent_covered": 100.0, "percent_covered_display": "100", "missing_lines": 0, "excluded_lines": 0}, "missing_lines": [], "excluded_lines": []}, "TestTreeHasher": {"executed_lines": [25, 26, 27, 28, 29, 31, 32, 33, 34, 35, 37, 38, 39, 40, 41, 43, 44, 45, 47, 48, 49, 51, 55, 57, 58, 62, 67, 71, 74, 75, 76, 77, 78, 80, 84, 86, 92, 93, 97, 98], "summary": {"covered_lines": 40, "num_statements": 40, "percent_covered": 100.0, "percent_covered_display": "100", "missing_lines": 0, "excluded_lines": 0}, "missing_lines": [], "excluded_lines": []}, "": {"executed_lines": [1, 2, 3, 6, 9, 10, 12, 17, 21, 23, 53, 60, 64, 69, 82, 90, 95, 101], "summary": {"covered_lines": 17, "num_statements": 18, "percent_covered": 94.44444444444444, "percent_covered_display": "94", "missing_lines": 1, "excluded_lines": 0}, "missing_lines": [102], "excluded_lines": []}}}, "test/test_tree_print.py": {"executed_lines": [1, 2, 5, 7, 8, 9, 10, 11, 12, 13, 14, 16, 17, 23, 25, 33, 34, 35, 36, 44, 46, 47, 48, 49, 57, 62], "summary": {"covered_lines": 26, "num_statements": 31, "percent_covered": 83.87096774193549, "percent_covered_display": "84", "missing_lines": 5, "excluded_lines": 0}, "missing_lines": [18, 19, 20, 21, 63], "excluded_lines": [], "functions": {"TestTreePrettyPrinter.Node.__init__": {"executed_lines": [9, 10, 11, 12, 13, 14], "summary": {"covered_lines": 6, "num_statements": 6, "percent_covered": 100.0, "percent_covered_display": "100", "missing_lines": 0, "excluded_lines": 0}, "missing_lines": [], "excluded_lines": []}, "TestTreePrettyPrinter.Node.root": {"executed_lines": [], "summary": {"covered_lines": 0, "num_statements": 4, "percent_covered": 0.0, "percent_covered_display": "0", "missing_lines": 4, "excluded_lines": 0}, "missing_lines": [18, 19, 20, 21], "excluded_lines": []}, "TestTreePrettyPrinter.setUp": {"executed_lines": [25], "summary": {"covered_lines": 1, "num_statements": 1, "percent_covered": 100.0, "percent_covered_display": "100", "missing_lines": 0, "excluded_lines": 0}, "missing_lines": [], "excluded_lines": []}, "TestTreePrettyPrinter.test_default_pretty_print": {"executed_lines": [34, 35, 36, 44], "summary": {"covered_lines": 4, "num_statements": 4, "percent_covered": 100.0, "percent_covered_display": "100", "missing_lines": 0, "excluded_lines": 0}, "missing_lines": [], "excluded_lines": []}, "TestTreePrettyPrinter.test_mark_nodes": {"executed_lines": [47, 48, 49, 57], "summary": {"covered_lines": 4, "num_statements": 4, "percent_covered": 100.0, "percent_covered_display": "100", "missing_lines": 0, "excluded_lines": 0}, "missing_lines": [], "excluded_lines": []}, "": {"executed_lines": [1, 2, 5, 7, 8, 16, 17, 23, 33, 46, 62], "summary": {"covered_lines": 11, "num_statements": 12, "percent_covered": 91.66666666666667, "percent_covered_display": "92", "missing_lines": 1, "excluded_lines": 0}, "missing_lines": [63], "excluded_lines": []}}, "classes": {"TestTreePrettyPrinter": {"executed_lines": [25, 34, 35, 36, 44, 47, 48, 49, 57], "summary": {"covered_lines": 9, "num_statements": 9, "percent_covered": 100.0, "percent_covered_display": "100", "missing_lines": 0, "excluded_lines": 0}, "missing_lines": [], "excluded_lines": []}, "TestTreePrettyPrinter.Node": {"executed_lines": [9, 10, 11, 12, 13, 14], "summary": {"covered_lines": 6, "num_statements": 10, "percent_covered": 60.0, "percent_covered_display": "60", "missing_lines": 4, "excluded_lines": 0}, "missing_lines": [18, 19, 20, 21], "excluded_lines": []}, "": {"executed_lines": [1, 2, 5, 7, 8, 16, 17, 23, 33, 46, 62], "summary": {"covered_lines": 11, "num_statements": 12, "percent_covered": 91.66666666666667, "percent_covered_display": "92", "missing_lines": 1, "excluded_lines": 0}, "missing_lines": [63], "excluded_lines": []}}}, "test/test_tree_with_flat_forest_node.py": {"executed_lines": [1, 2, 3, 4, 7, 9, 24, 36, 38, 39, 40, 41, 53, 55, 56, 57, 58, 70, 72, 73, 74, 75, 76, 83, 86], "summary": {"covered_lines": 25, "num_statements": 26, "percent_covered": 96.15384615384616, "percent_covered_display": "96", "missing_lines": 1, "excluded_lines": 0}, "missing_lines": [87], "excluded_lines": [], "functions": {"TestTreePrettyPrinter.setUp": {"executed_lines": [24, 36], "summary": {"covered_lines": 2, "num_statements": 2, "percent_covered": 100.0, "percent_covered_display": "100", "missing_lines": 0, "excluded_lines": 0}, "missing_lines": [], "excluded_lines": []}, "TestTreePrettyPrinter.test_default_pretty_print": {"executed_lines": [39, 40, 41, 53], "summary": {"covered_lines": 4, "num_statements": 4, "percent_covered": 100.0, "percent_covered_display": "100", "missing_lines": 0, "excluded_lines": 0}, "missing_lines": [], "excluded_lines": []}, "TestTreePrettyPrinter.test_pretty_print_marks": {"executed_lines": [56, 57, 58, 70], "summary": {"covered_lines": 4, "num_statements": 4, "percent_covered": 100.0, "percent_covered_display": "100", "missing_lines": 0, "excluded_lines": 0}, "missing_lines": [], "excluded_lines": []}, "TestTreePrettyPrinter.test_pretty_print_subtree_marks": {"executed_lines": [73, 74, 75, 76, 83], "summary": {"covered_lines": 5, "num_statements": 5, "percent_covered": 100.0, "percent_covered_display": "100", "missing_lines": 0, "excluded_lines": 0}, "missing_lines": [], "excluded_lines": []}, "": {"executed_lines": [1, 2, 3, 4, 7, 9, 38, 55, 72, 86], "summary": {"covered_lines": 10, "num_statements": 11, "percent_covered": 90.9090909090909, "percent_covered_display": "91", "missing_lines": 1, "excluded_lines": 0}, "missing_lines": [87], "excluded_lines": []}}, "classes": {"TestTreePrettyPrinter": {"executed_lines": [24, 36, 39, 40, 41, 53, 56, 57, 58, 70, 73, 74, 75, 76, 83], "summary": {"covered_lines": 15, "num_statements": 15, "percent_covered": 100.0, "percent_covered_display": "100", "missing_lines": 0, "excluded_lines": 0}, "missing_lines": [], "excluded_lines": []}, "": {"executed_lines": [1, 2, 3, 4, 7, 9, 38, 55, 72, 86], "summary": {"covered_lines": 10, "num_statements": 11, "percent_covered": 90.9090909090909, "percent_covered_display": "91", "missing_lines": 1, "excluded_lines": 0}, "missing_lines": [87], "excluded_lines": []}}}, "test/test_treenode.py": {"executed_lines": [1, 3, 6, 7, 8, 9, 10, 11, 13, 14, 15, 16, 17, 18, 19, 20, 22, 23, 24, 25, 26, 27, 28, 29, 31, 32, 33, 34, 35, 36, 37, 39, 40, 41, 42, 45], "summary": {"covered_lines": 36, "num_statements": 37, "percent_covered": 97.29729729729729, "percent_covered_display": "97", "missing_lines": 1, "excluded_lines": 0}, "missing_lines": [46], "excluded_lines": [], "functions": {"TestTreeNode.test_constructor_with_name_and_value": {"executed_lines": [8, 9, 10, 11], "summary": {"covered_lines": 4, "num_statements": 4, "percent_covered": 100.0, "percent_covered_display": "100", "missing_lines": 0, "excluded_lines": 0}, "missing_lines": [], "excluded_lines": []}, "TestTreeNode.test_add_child": {"executed_lines": [14, 15, 16, 17, 18, 19, 20], "summary": {"covered_lines": 7, "num_statements": 7, "percent_covered": 100.0, "percent_covered_display": "100", "missing_lines": 0, "excluded_lines": 0}, "missing_lines": [], "excluded_lines": []}, "TestTreeNode.test_set_get_children": {"executed_lines": [23, 24, 25, 26, 27, 28, 29], "summary": {"covered_lines": 7, "num_statements": 7, "percent_covered": 100.0, "percent_covered_display": "100", "missing_lines": 0, "excluded_lines": 0}, "missing_lines": [], "excluded_lines": []}, "TestTreeNode.test_set_get_payload": {"executed_lines": [32, 33, 34, 35, 36, 37], "summary": {"covered_lines": 6, "num_statements": 6, "percent_covered": 100.0, "percent_covered_display": "100", "missing_lines": 0, "excluded_lines": 0}, "missing_lines": [], "excluded_lines": []}, "TestTreeNode.test_node_method": {"executed_lines": [40, 41, 42], "summary": {"covered_lines": 3, "num_statements": 3, "percent_covered": 100.0, "percent_covered_display": "100", "missing_lines": 0, "excluded_lines": 0}, "missing_lines": [], "excluded_lines": []}, "": {"executed_lines": [1, 3, 6, 7, 13, 22, 31, 39, 45], "summary": {"covered_lines": 9, "num_statements": 10, "percent_covered": 90.0, "percent_covered_display": "90", "missing_lines": 1, "excluded_lines": 0}, "missing_lines": [46], "excluded_lines": []}}, "classes": {"TestTreeNode": {"executed_lines": [8, 9, 10, 11, 14, 15, 16, 17, 18, 19, 20, 23, 24, 25, 26, 27, 28, 29, 32, 33, 34, 35, 36, 37, 40, 41, 42], "summary": {"covered_lines": 27, "num_statements": 27, "percent_covered": 100.0, "percent_covered_display": "100", "missing_lines": 0, "excluded_lines": 0}, "missing_lines": [], "excluded_lines": []}, "": {"executed_lines": [1, 3, 6, 7, 13, 22, 31, 39, 45], "summary": {"covered_lines": 9, "num_statements": 10, "percent_covered": 90.0, "percent_covered_display": "90", "missing_lines": 1, "excluded_lines": 0}, "missing_lines": [46], "excluded_lines": []}}}, "test/test_treenode_utils.py": {"executed_lines": [1, 3, 4, 22, 23, 40, 41, 42, 43, 44, 45, 46, 47, 48, 49, 51, 52, 53, 54, 56, 57, 58, 59, 60, 61, 62, 78, 79, 80, 85, 101, 102, 103, 108, 121, 122, 123, 124, 126, 127, 128, 129, 131, 132, 137, 138, 142, 143, 145, 146, 147, 149, 154, 155, 168, 181, 182, 183, 184, 186, 187, 188, 189, 191, 192, 193, 194, 196, 197, 198, 200, 201, 202, 204, 205, 206, 208, 209, 210, 214, 230, 231, 232, 237, 238, 239, 241, 242, 243, 246], "summary": {"covered_lines": 90, "num_statements": 91, "percent_covered": 98.9010989010989, "percent_covered_display": "99", "missing_lines": 1, "excluded_lines": 0}, "missing_lines": [247], "excluded_lines": [], "functions": {"TestTreeNodeUtils.setUp": {"executed_lines": [40, 41, 42, 43, 44, 45, 46, 47, 48, 49], "summary": {"covered_lines": 10, "num_statements": 10, "percent_covered": 100.0, "percent_covered_display": "100", "missing_lines": 0, "excluded_lines": 0}, "missing_lines": [], "excluded_lines": []}, "TestTreeNodeUtils.test_visit_pre_order": {"executed_lines": [52, 53, 54, 56, 57, 58, 59, 60, 61, 62], "summary": {"covered_lines": 10, "num_statements": 10, "percent_covered": 100.0, "percent_covered_display": "100", "missing_lines": 0, "excluded_lines": 0}, "missing_lines": [], "excluded_lines": []}, "TestTreeNodeUtils.test_visit_level_order": {"executed_lines": [79, 80, 85], "summary": {"covered_lines": 3, "num_statements": 3, "percent_covered": 100.0, "percent_covered_display": "100", "missing_lines": 0, "excluded_lines": 0}, "missing_lines": [], "excluded_lines": []}, "TestTreeNodeUtils.test_visit_stop_on_match": {"executed_lines": [102, 103, 108], "summary": {"covered_lines": 3, "num_statements": 3, "percent_covered": 100.0, "percent_covered_display": "100", "missing_lines": 0, "excluded_lines": 0}, "missing_lines": [], "excluded_lines": []}, "TestTreeNodeUtils.test_map": {"executed_lines": [122, 126, 127, 128, 129], "summary": {"covered_lines": 5, "num_statements": 5, "percent_covered": 100.0, "percent_covered_display": "100", "missing_lines": 0, "excluded_lines": 0}, "missing_lines": [], "excluded_lines": []}, "TestTreeNodeUtils.test_map.increment_value": {"executed_lines": [123, 124], "summary": {"covered_lines": 2, "num_statements": 2, "percent_covered": 100.0, "percent_covered_display": "100", "missing_lines": 0, "excluded_lines": 0}, "missing_lines": [], "excluded_lines": []}, "TestTreeNodeUtils.test_descendants_node3": {"executed_lines": [132], "summary": {"covered_lines": 1, "num_statements": 1, "percent_covered": 100.0, "percent_covered_display": "100", "missing_lines": 0, "excluded_lines": 0}, "missing_lines": [], "excluded_lines": []}, "TestTreeNodeUtils.test_ancestors_node9": {"executed_lines": [138], "summary": {"covered_lines": 1, "num_statements": 1, "percent_covered": 100.0, "percent_covered_display": "100", "missing_lines": 0, "excluded_lines": 0}, "missing_lines": [], "excluded_lines": []}, "TestTreeNodeUtils.test_siblings_node6": {"executed_lines": [143, 145, 146, 147, 149], "summary": {"covered_lines": 5, "num_statements": 5, "percent_covered": 100.0, "percent_covered_display": "100", "missing_lines": 0, "excluded_lines": 0}, "missing_lines": [], "excluded_lines": []}, "TestTreeNodeUtils.test_leaves": {"executed_lines": [155], "summary": {"covered_lines": 1, "num_statements": 1, "percent_covered": 100.0, "percent_covered_display": "100", "missing_lines": 0, "excluded_lines": 0}, "missing_lines": [], "excluded_lines": []}, "TestTreeNodeUtils.test_height": {"executed_lines": [181, 182, 183, 184], "summary": {"covered_lines": 4, "num_statements": 4, "percent_covered": 100.0, "percent_covered_display": "100", "missing_lines": 0, "excluded_lines": 0}, "missing_lines": [], "excluded_lines": []}, "TestTreeNodeUtils.test_root": {"executed_lines": [187, 188, 189], "summary": {"covered_lines": 3, "num_statements": 3, "percent_covered": 100.0, "percent_covered_display": "100", "missing_lines": 0, "excluded_lines": 0}, "missing_lines": [], "excluded_lines": []}, "TestTreeNodeUtils.test_depth": {"executed_lines": [192, 193, 194], "summary": {"covered_lines": 3, "num_statements": 3, "percent_covered": 100.0, "percent_covered_display": "100", "missing_lines": 0, "excluded_lines": 0}, "missing_lines": [], "excluded_lines": []}, "TestTreeNodeUtils.test_is_root": {"executed_lines": [197, 198], "summary": {"covered_lines": 2, "num_statements": 2, "percent_covered": 100.0, "percent_covered_display": "100", "missing_lines": 0, "excluded_lines": 0}, "missing_lines": [], "excluded_lines": []}, "TestTreeNodeUtils.test_is_leaf": {"executed_lines": [201, 202], "summary": {"covered_lines": 2, "num_statements": 2, "percent_covered": 100.0, "percent_covered_display": "100", "missing_lines": 0, "excluded_lines": 0}, "missing_lines": [], "excluded_lines": []}, "TestTreeNodeUtils.test_is_internal": {"executed_lines": [205, 206], "summary": {"covered_lines": 2, "num_statements": 2, "percent_covered": 100.0, "percent_covered_display": "100", "missing_lines": 0, "excluded_lines": 0}, "missing_lines": [], "excluded_lines": []}, "TestTreeNodeUtils.test_breadth_first": {"executed_lines": [209, 210, 214], "summary": {"covered_lines": 3, "num_statements": 3, "percent_covered": 100.0, "percent_covered_display": "100", "missing_lines": 0, "excluded_lines": 0}, "missing_lines": [], "excluded_lines": []}, "TestTreeNodeUtils.test_find_nodes": {"executed_lines": [231, 232], "summary": {"covered_lines": 2, "num_statements": 2, "percent_covered": 100.0, "percent_covered_display": "100", "missing_lines": 0, "excluded_lines": 0}, "missing_lines": [], "excluded_lines": []}, "TestTreeNodeUtils.test_find_node": {"executed_lines": [238, 239], "summary": {"covered_lines": 2, "num_statements": 2, "percent_covered": 100.0, "percent_covered_display": "100", "missing_lines": 0, "excluded_lines": 0}, "missing_lines": [], "excluded_lines": []}, "TestTreeNodeUtils.test_get_node": {"executed_lines": [242, 243], "summary": {"covered_lines": 2, "num_statements": 2, "percent_covered": 100.0, "percent_covered_display": "100", "missing_lines": 0, "excluded_lines": 0}, "missing_lines": [], "excluded_lines": []}, "": {"executed_lines": [1, 3, 4, 22, 23, 51, 78, 101, 121, 131, 137, 142, 154, 168, 186, 191, 196, 200, 204, 208, 230, 237, 241, 246], "summary": {"covered_lines": 24, "num_statements": 25, "percent_covered": 96.0, "percent_covered_display": "96", "missing_lines": 1, "excluded_lines": 0}, "missing_lines": [247], "excluded_lines": []}}, "classes": {"TestTreeNodeUtils": {"executed_lines": [40, 41, 42, 43, 44, 45, 46, 47, 48, 49, 52, 53, 54, 56, 57, 58, 59, 60, 61, 62, 79, 80, 85, 102, 103, 108, 122, 123, 124, 126, 127, 128, 129, 132, 138, 143, 145, 146, 147, 149, 155, 181, 182, 183, 184, 187, 188, 189, 192, 193, 194, 197, 198, 201, 202, 205, 206, 209, 210, 214, 231, 232, 238, 239, 242, 243], "summary": {"covered_lines": 66, "num_statements": 66, "percent_covered": 100.0, "percent_covered_display": "100", "missing_lines": 0, "excluded_lines": 0}, "missing_lines": [], "excluded_lines": []}, "": {"executed_lines": [1, 3, 4, 22, 23, 51, 78, 101, 121, 131, 137, 142, 154, 168, 186, 191, 196, 200, 204, 208, 230, 237, 241, 246], "summary": {"covered_lines": 24, "num_statements": 25, "percent_covered": 96.0, "percent_covered_display": "96", "missing_lines": 1, "excluded_lines": 0}, "missing_lines": [247], "excluded_lines": []}}}}, "totals": {"covered_lines": 1585, "num_statements": 1911, "percent_covered": 82.94086865515438, "percent_covered_display": "83", "missing_lines": 326, "excluded_lines": 2}}